Using pre-set license
Built from '2020.3/staging' branch; Version is '2020.3.21f1 (a38c86f6690f) revision 10718342'; Using compiler version '192528614'; Build Type 'Release'
OS: 'Windows 10 Home; OS build 19044.1586; Version 2009; 64bit' Language: 'en' Physical Memory: 7366 MB
BatchMode: 1, IsHumanControllingUs: 0, StartBugReporterOnCrash: 0, Is64bit: 1, IsPro: 0

COMMAND LINE ARGUMENTS:
C:\Program Files\Unity\Hub\Editor\2020.3.21f1\Editor\Unity.exe
-adb2
-batchMode
-noUpm
-name
AssetImportWorker0
-projectPath
D:/Users Backup/Daniel Price/GitF/UCWX/Unity-Course-work/Prototype 1_clone_2
-logFile
Logs/AssetImportWorker0.log
-srvPort
20488
Successfully changed project path to: D:/Users Backup/Daniel Price/GitF/UCWX/Unity-Course-work/Prototype 1_clone_2
D:/Users Backup/Daniel Price/GitF/UCWX/Unity-Course-work/Prototype 1_clone_2
Using Asset Import Pipeline V2.
Refreshing native plugins compatible for Editor in 182.94 ms, found 2 plugins.
Preloading 0 native plugins for Editor in 0.00 ms.
Initialize engine version: 2020.3.21f1 (a38c86f6690f)
[Subsystems] Discovering subsystems at path C:/Program Files/Unity/Hub/Editor/2020.3.21f1/Editor/Data/Resources/UnitySubsystems
[Subsystems] Discovering subsystems at path D:/Users Backup/Daniel Price/GitF/UCWX/Unity-Course-work/Prototype 1_clone_2/Assets
GfxDevice: creating device client; threaded=0
Direct3D:
    Version:  Direct3D 11.0 [level 11.0]
    Renderer: AMD Radeon HD 8610G (ID=0x990f)
    Vendor:   
    VRAM:     2773 MB
    Driver:   15.200.1065.0
Initialize mono
Mono path[0] = 'C:/Program Files/Unity/Hub/Editor/2020.3.21f1/Editor/Data/Managed'
Mono path[1] = 'C:/Program Files/Unity/Hub/Editor/2020.3.21f1/Editor/Data/MonoBleedingEdge/lib/mono/unityjit'
Mono config path = 'C:/Program Files/Unity/Hub/Editor/2020.3.21f1/Editor/Data/MonoBleedingEdge/etc'
Using monoOptions --debugger-agent=transport=dt_socket,embedding=1,server=y,suspend=n,address=127.0.0.1:56228
Begin MonoManager ReloadAssembly
Registering precompiled unity dll's ...
Register platform support module: C:/Program Files/Unity/Hub/Editor/2020.3.21f1/Editor/Data/PlaybackEngines/WindowsStandaloneSupport/UnityEditor.WindowsStandalone.Extensions.dll
Registered in 0.008513 seconds.
Native extension for WindowsStandalone target not found
Refreshing native plugins compatible for Editor in 142.55 ms, found 2 plugins.
Preloading 0 native plugins for Editor in 0.00 ms.
Mono: successfully reloaded assembly
- Completed reload, in  4.143 seconds
Domain Reload Profiling:
	ReloadAssembly (4143ms)
		BeginReloadAssembly (189ms)
			ExecutionOrderSort (0ms)
			DisableScriptedObjects (0ms)
			BackupInstance (0ms)
			ReleaseScriptingObjects (0ms)
			CreateAndSetChildDomain (2ms)
		EndReloadAssembly (1447ms)
			LoadAssemblies (181ms)
			RebuildTransferFunctionScriptingTraits (0ms)
			SetupTypeCache (523ms)
			ReleaseScriptCaches (0ms)
			RebuildScriptCaches (99ms)
			SetupLoadedEditorAssemblies (526ms)
				LogAssemblyErrors (0ms)
				InitializePlatformSupportModulesInManaged (15ms)
				SetLoadedEditorAssemblies (1ms)
				RefreshPlugins (143ms)
				BeforeProcessingInitializeOnLoad (40ms)
				ProcessInitializeOnLoadAttributes (243ms)
				ProcessInitializeOnLoadMethodAttributes (83ms)
				AfterProcessingInitializeOnLoad (0ms)
				EditorAssembliesLoaded (1ms)
			ExecutionOrderSort2 (0ms)
			AwakeInstancesAfterBackupRestoration (0ms)
Platform modules already initialized, skipping
Registering precompiled user dll's ...
Registered in 0.143608 seconds.
Begin MonoManager ReloadAssembly
Native extension for WindowsStandalone target not found
Refreshing native plugins compatible for Editor in 1.62 ms, found 2 plugins.
Preloading 0 native plugins for Editor in 0.00 ms.
CreateSerializedAsset is not supported while importing out-of-process
UnityEngine.StackTraceUtility:ExtractStackTrace ()
PlayFab.PfEditor.PlayFabEditorPrefsSO:get_Instance () (at D:/Users Backup/Daniel Price/GitF/UCWX/Unity-Course-work/Prototype 1/Assets/PlayFabSDK/PlayFabEditorExtensions/Editor/Scripts/Utils/PlayFabEditorPrefsSO.cs:38)
PlayFab.PfEditor.SubMenuComponent:RegisterMenuItem (string,System.Action) (at D:/Users Backup/Daniel Price/GitF/UCWX/Unity-Course-work/Prototype 1/Assets/PlayFabSDK/PlayFabEditorExtensions/Editor/Scripts/Components/SubMenuComponent.cs:42)
PlayFab.PfEditor.PlayFabEditorDataMenu:RegisterMenu () (at D:/Users Backup/Daniel Price/GitF/UCWX/Unity-Course-work/Prototype 1/Assets/PlayFabSDK/PlayFabEditorExtensions/Editor/Scripts/Panels/PlayFabEditorDataMenu.cs:93)
PlayFab.PfEditor.PlayFabEditorDataMenu:.cctor () (at D:/Users Backup/Daniel Price/GitF/UCWX/Unity-Course-work/Prototype 1/Assets/PlayFabSDK/PlayFabEditorExtensions/Editor/Scripts/Panels/PlayFabEditorDataMenu.cs:74)
System.Runtime.CompilerServices.RuntimeHelpers:RunClassConstructor (System.RuntimeTypeHandle)
UnityEditor.EditorAssemblies:ProcessInitializeOnLoadAttributes (System.Type[])

[D:/Users Backup/Daniel Price/GitF/UCWX/Unity-Course-work/Prototype 1/Assets/PlayFabSDK/PlayFabEditorExtensions/Editor/Scripts/Utils/PlayFabEditorPrefsSO.cs line 38]

UnityEngine.UnityException: Creating asset at path Assets/PlayFabEditorExtensions/Editor/Resources/PlayFabEditorPrefsSO.asset failed.
  at (wrapper managed-to-native) UnityEditor.AssetDatabase.CreateAsset(UnityEngine.Object,string)
  at PlayFab.PfEditor.PlayFabEditorPrefsSO.get_Instance () [0x00084] in D:\Users Backup\Daniel Price\GitF\UCWX\Unity-Course-work\Prototype 1\Assets\PlayFabSDK\PlayFabEditorExtensions\Editor\Scripts\Utils\PlayFabEditorPrefsSO.cs:38 
  at PlayFab.PfEditor.SubMenuComponent.RegisterMenuItem (System.String n, System.Action m) [0x00010] in D:\Users Backup\Daniel Price\GitF\UCWX\Unity-Course-work\Prototype 1\Assets\PlayFabSDK\PlayFabEditorExtensions\Editor\Scripts\Components\SubMenuComponent.cs:42 
  at PlayFab.PfEditor.PlayFabEditorDataMenu.RegisterMenu () [0x00018] in D:\Users Backup\Daniel Price\GitF\UCWX\Unity-Course-work\Prototype 1\Assets\PlayFabSDK\PlayFabEditorExtensions\Editor\Scripts\Panels\PlayFabEditorDataMenu.cs:93 
  at PlayFab.PfEditor.PlayFabEditorDataMenu..cctor () [0x0003a] in D:\Users Backup\Daniel Price\GitF\UCWX\Unity-Course-work\Prototype 1\Assets\PlayFabSDK\PlayFabEditorExtensions\Editor\Scripts\Panels\PlayFabEditorDataMenu.cs:74 
UnityEngine.StackTraceUtility:ExtractStackTrace ()
UnityEngine.DebugLogHandler:LogFormat (UnityEngine.LogType,UnityEngine.Object,string,object[])
UnityEngine.Logger:Log (UnityEngine.LogType,object)
UnityEngine.Debug:LogError (object)
UnityEditor.EditorAssemblies:ProcessInitializeOnLoadAttributes (System.Type[])

Mono: successfully reloaded assembly
- Completed reload, in  7.744 seconds
Domain Reload Profiling:
	ReloadAssembly (7796ms)
		BeginReloadAssembly (559ms)
			ExecutionOrderSort (0ms)
			DisableScriptedObjects (16ms)
			BackupInstance (0ms)
			ReleaseScriptingObjects (0ms)
			CreateAndSetChildDomain (57ms)
		EndReloadAssembly (6856ms)
			LoadAssemblies (496ms)
			RebuildTransferFunctionScriptingTraits (0ms)
			SetupTypeCache (1591ms)
			ReleaseScriptCaches (1ms)
			RebuildScriptCaches (520ms)
			SetupLoadedEditorAssemblies (3649ms)
				LogAssemblyErrors (0ms)
				InitializePlatformSupportModulesInManaged (30ms)
				SetLoadedEditorAssemblies (2ms)
				RefreshPlugins (2ms)
				BeforeProcessingInitializeOnLoad (730ms)
				ProcessInitializeOnLoadAttributes (2568ms)
				ProcessInitializeOnLoadMethodAttributes (273ms)
				AfterProcessingInitializeOnLoad (43ms)
				EditorAssembliesLoaded (2ms)
			ExecutionOrderSort2 (0ms)
			AwakeInstancesAfterBackupRestoration (25ms)
Platform modules already initialized, skipping
========================================================================
Worker process is ready to serve import requests
Launched and connected shader compiler UnityShaderCompiler.exe after 0.28 seconds
Refreshing native plugins compatible for Editor in 2.43 ms, found 2 plugins.
Preloading 0 native plugins for Editor in 0.00 ms.
Unloading 1945 Unused Serialized files (Serialized files now loaded: 0)
System memory in use before: 88.5 MB.
System memory in use after: 88.6 MB.

Unloading 29 unused Assets to reduce memory usage. Loaded Objects now: 2377.
Total: 24.398200 ms (FindLiveObjects: 1.050500 ms CreateObjectMapping: 0.267600 ms MarkObjects: 22.631200 ms  DeleteObjects: 0.441500 ms)

AssetImportParameters requested are different than current active one (requested -> active):
  custom:framework-win-MediaFoundation: 216162199b28c13a410421893ffa2e32 -> 
  custom:video-decoder-ogg-theora: a1e56fd34408186e4bbccfd4996cb3dc -> 
  custom:container-muxer-webm: aa71ff27fc2769a1b78a27578f13a17b -> 
  custom:container-demuxer-webm: 4f35f7cbe854078d1ac9338744f61a02 -> 
  custom:container-demuxer-ogg: 62fdf1f143b41e24485cea50d1cbac27 -> 
  custom:video-encoder-webm-vp8: eb34c28f22e8b96e1ab97ce403110664 -> 
  custom:video-decoder-webm-vp8: 9c59270c3fd7afecdb556c50c9e8de78 -> 
  custom:audio-decoder-ogg-vorbis: bf7c407c2cedff20999df2af8eb42d56 -> 
  custom:audio-encoder-webm-vorbis: bf7c407c2cedff20999df2af8eb42d56 -> 
========================================================================
Received Prepare
Registering precompiled user dll's ...
Registered in 0.075194 seconds.
Begin MonoManager ReloadAssembly
Native extension for WindowsStandalone target not found
Refreshing native plugins compatible for Editor in 1.29 ms, found 2 plugins.
Preloading 0 native plugins for Editor in 0.00 ms.
CreateSerializedAsset is not supported while importing out-of-process
UnityEngine.StackTraceUtility:ExtractStackTrace ()
PlayFab.PfEditor.PlayFabEditorPrefsSO:get_Instance () (at D:/Users Backup/Daniel Price/GitF/UCWX/Unity-Course-work/Prototype 1/Assets/PlayFabSDK/PlayFabEditorExtensions/Editor/Scripts/Utils/PlayFabEditorPrefsSO.cs:38)
PlayFab.PfEditor.SubMenuComponent:RegisterMenuItem (string,System.Action) (at D:/Users Backup/Daniel Price/GitF/UCWX/Unity-Course-work/Prototype 1/Assets/PlayFabSDK/PlayFabEditorExtensions/Editor/Scripts/Components/SubMenuComponent.cs:42)
PlayFab.PfEditor.PlayFabEditorDataMenu:RegisterMenu () (at D:/Users Backup/Daniel Price/GitF/UCWX/Unity-Course-work/Prototype 1/Assets/PlayFabSDK/PlayFabEditorExtensions/Editor/Scripts/Panels/PlayFabEditorDataMenu.cs:93)
PlayFab.PfEditor.PlayFabEditorDataMenu:.cctor () (at D:/Users Backup/Daniel Price/GitF/UCWX/Unity-Course-work/Prototype 1/Assets/PlayFabSDK/PlayFabEditorExtensions/Editor/Scripts/Panels/PlayFabEditorDataMenu.cs:74)
System.Runtime.CompilerServices.RuntimeHelpers:RunClassConstructor (System.RuntimeTypeHandle)
UnityEditor.EditorAssemblies:ProcessInitializeOnLoadAttributes (System.Type[])

[D:/Users Backup/Daniel Price/GitF/UCWX/Unity-Course-work/Prototype 1/Assets/PlayFabSDK/PlayFabEditorExtensions/Editor/Scripts/Utils/PlayFabEditorPrefsSO.cs line 38]

UnityEngine.UnityException: Creating asset at path Assets/PlayFabEditorExtensions/Editor/Resources/PlayFabEditorPrefsSO.asset failed.
  at (wrapper managed-to-native) UnityEditor.AssetDatabase.CreateAsset(UnityEngine.Object,string)
  at PlayFab.PfEditor.PlayFabEditorPrefsSO.get_Instance () [0x00084] in D:\Users Backup\Daniel Price\GitF\UCWX\Unity-Course-work\Prototype 1\Assets\PlayFabSDK\PlayFabEditorExtensions\Editor\Scripts\Utils\PlayFabEditorPrefsSO.cs:38 
  at PlayFab.PfEditor.SubMenuComponent.RegisterMenuItem (System.String n, System.Action m) [0x00010] in D:\Users Backup\Daniel Price\GitF\UCWX\Unity-Course-work\Prototype 1\Assets\PlayFabSDK\PlayFabEditorExtensions\Editor\Scripts\Components\SubMenuComponent.cs:42 
  at PlayFab.PfEditor.PlayFabEditorDataMenu.RegisterMenu () [0x00018] in D:\Users Backup\Daniel Price\GitF\UCWX\Unity-Course-work\Prototype 1\Assets\PlayFabSDK\PlayFabEditorExtensions\Editor\Scripts\Panels\PlayFabEditorDataMenu.cs:93 
  at PlayFab.PfEditor.PlayFabEditorDataMenu..cctor () [0x0003a] in D:\Users Backup\Daniel Price\GitF\UCWX\Unity-Course-work\Prototype 1\Assets\PlayFabSDK\PlayFabEditorExtensions\Editor\Scripts\Panels\PlayFabEditorDataMenu.cs:74 
UnityEngine.StackTraceUtility:ExtractStackTrace ()
UnityEngine.DebugLogHandler:LogFormat (UnityEngine.LogType,UnityEngine.Object,string,object[])
UnityEngine.Logger:Log (UnityEngine.LogType,object)
UnityEngine.Debug:LogError (object)
UnityEditor.EditorAssemblies:ProcessInitializeOnLoadAttributes (System.Type[])

Mono: successfully reloaded assembly
- Completed reload, in  6.567 seconds
Domain Reload Profiling:
	ReloadAssembly (6568ms)
		BeginReloadAssembly (868ms)
			ExecutionOrderSort (0ms)
			DisableScriptedObjects (20ms)
			BackupInstance (0ms)
			ReleaseScriptingObjects (0ms)
			CreateAndSetChildDomain (206ms)
		EndReloadAssembly (4757ms)
			LoadAssemblies (1050ms)
			RebuildTransferFunctionScriptingTraits (0ms)
			SetupTypeCache (2016ms)
			ReleaseScriptCaches (2ms)
			RebuildScriptCaches (122ms)
			SetupLoadedEditorAssemblies (1474ms)
				LogAssemblyErrors (0ms)
				InitializePlatformSupportModulesInManaged (15ms)
				SetLoadedEditorAssemblies (1ms)
				RefreshPlugins (2ms)
				BeforeProcessingInitializeOnLoad (295ms)
				ProcessInitializeOnLoadAttributes (1089ms)
				ProcessInitializeOnLoadMethodAttributes (37ms)
				AfterProcessingInitializeOnLoad (33ms)
				EditorAssembliesLoaded (1ms)
			ExecutionOrderSort2 (0ms)
			AwakeInstancesAfterBackupRestoration (28ms)
Platform modules already initialized, skipping
Refreshing native plugins compatible for Editor in 2.65 ms, found 2 plugins.
Preloading 0 native plugins for Editor in 0.00 ms.
Unloading 1924 Unused Serialized files (Serialized files now loaded: 0)
System memory in use before: 86.9 MB.
System memory in use after: 87.1 MB.

Unloading 23 unused Assets to reduce memory usage. Loaded Objects now: 2382.
Total: 29.666400 ms (FindLiveObjects: 1.183800 ms CreateObjectMapping: 0.751500 ms MarkObjects: 27.528400 ms  DeleteObjects: 0.196100 ms)

AssetImportParameters requested are different than current active one (requested -> active):
  custom:framework-win-MediaFoundation: 216162199b28c13a410421893ffa2e32 -> 
  custom:video-decoder-ogg-theora: a1e56fd34408186e4bbccfd4996cb3dc -> 
  custom:container-muxer-webm: aa71ff27fc2769a1b78a27578f13a17b -> 
  custom:container-demuxer-webm: 4f35f7cbe854078d1ac9338744f61a02 -> 
  custom:container-demuxer-ogg: 62fdf1f143b41e24485cea50d1cbac27 -> 
  custom:video-encoder-webm-vp8: eb34c28f22e8b96e1ab97ce403110664 -> 
  custom:video-decoder-webm-vp8: 9c59270c3fd7afecdb556c50c9e8de78 -> 
  custom:audio-decoder-ogg-vorbis: bf7c407c2cedff20999df2af8eb42d56 -> 
  custom:audio-encoder-webm-vorbis: bf7c407c2cedff20999df2af8eb42d56 -> 
========================================================================
Received Import Request.
  path: Assets/Scenes/OLD/Menu.unity
  artifactKey: Guid(318a46743acfac64a97e90fdca33535e) Importer(815301076,1909f56bfc062723c751e8b465ee728b)
Start importing Assets/Scenes/OLD/Menu.unity using Guid(318a46743acfac64a97e90fdca33535e) Importer(815301076,1909f56bfc062723c751e8b465ee728b)  -> (artifact id: 'f83fb85ec065bf25dbd71383376726ed') in 0.051747 seconds 
  Import took 0.093687 seconds .

========================================================================
Received Import Request.
  Time since last request: 4.428761 seconds.
  path: Assets/Scenes/Game.unity
  artifactKey: Guid(a4bc9a519621ae342865d3a0a5b3ee14) Importer(815301076,1909f56bfc062723c751e8b465ee728b)
Start importing Assets/Scenes/Game.unity using Guid(a4bc9a519621ae342865d3a0a5b3ee14) Importer(815301076,1909f56bfc062723c751e8b465ee728b)  -> (artifact id: 'cb0bec8e3123d2ea0bc8bffb91afb396') in 0.019661 seconds 
  Import took 0.061416 seconds .

========================================================================
Received Prepare
Registering precompiled user dll's ...
Registered in 0.094553 seconds.
Begin MonoManager ReloadAssembly
Native extension for WindowsStandalone target not found
Refreshing native plugins compatible for Editor in 2.15 ms, found 2 plugins.
Preloading 0 native plugins for Editor in 0.00 ms.
CreateSerializedAsset is not supported while importing out-of-process
UnityEngine.StackTraceUtility:ExtractStackTrace ()
PlayFab.PfEditor.PlayFabEditorPrefsSO:get_Instance () (at D:/Users Backup/Daniel Price/GitF/UCWX/Unity-Course-work/Prototype 1/Assets/PlayFabSDK/PlayFabEditorExtensions/Editor/Scripts/Utils/PlayFabEditorPrefsSO.cs:38)
PlayFab.PfEditor.SubMenuComponent:RegisterMenuItem (string,System.Action) (at D:/Users Backup/Daniel Price/GitF/UCWX/Unity-Course-work/Prototype 1/Assets/PlayFabSDK/PlayFabEditorExtensions/Editor/Scripts/Components/SubMenuComponent.cs:42)
PlayFab.PfEditor.PlayFabEditorDataMenu:RegisterMenu () (at D:/Users Backup/Daniel Price/GitF/UCWX/Unity-Course-work/Prototype 1/Assets/PlayFabSDK/PlayFabEditorExtensions/Editor/Scripts/Panels/PlayFabEditorDataMenu.cs:93)
PlayFab.PfEditor.PlayFabEditorDataMenu:.cctor () (at D:/Users Backup/Daniel Price/GitF/UCWX/Unity-Course-work/Prototype 1/Assets/PlayFabSDK/PlayFabEditorExtensions/Editor/Scripts/Panels/PlayFabEditorDataMenu.cs:74)
System.Runtime.CompilerServices.RuntimeHelpers:RunClassConstructor (System.RuntimeTypeHandle)
UnityEditor.EditorAssemblies:ProcessInitializeOnLoadAttributes (System.Type[])

[D:/Users Backup/Daniel Price/GitF/UCWX/Unity-Course-work/Prototype 1/Assets/PlayFabSDK/PlayFabEditorExtensions/Editor/Scripts/Utils/PlayFabEditorPrefsSO.cs line 38]

UnityEngine.UnityException: Creating asset at path Assets/PlayFabEditorExtensions/Editor/Resources/PlayFabEditorPrefsSO.asset failed.
  at (wrapper managed-to-native) UnityEditor.AssetDatabase.CreateAsset(UnityEngine.Object,string)
  at PlayFab.PfEditor.PlayFabEditorPrefsSO.get_Instance () [0x00084] in D:\Users Backup\Daniel Price\GitF\UCWX\Unity-Course-work\Prototype 1\Assets\PlayFabSDK\PlayFabEditorExtensions\Editor\Scripts\Utils\PlayFabEditorPrefsSO.cs:38 
  at PlayFab.PfEditor.SubMenuComponent.RegisterMenuItem (System.String n, System.Action m) [0x00010] in D:\Users Backup\Daniel Price\GitF\UCWX\Unity-Course-work\Prototype 1\Assets\PlayFabSDK\PlayFabEditorExtensions\Editor\Scripts\Components\SubMenuComponent.cs:42 
  at PlayFab.PfEditor.PlayFabEditorDataMenu.RegisterMenu () [0x00018] in D:\Users Backup\Daniel Price\GitF\UCWX\Unity-Course-work\Prototype 1\Assets\PlayFabSDK\PlayFabEditorExtensions\Editor\Scripts\Panels\PlayFabEditorDataMenu.cs:93 
  at PlayFab.PfEditor.PlayFabEditorDataMenu..cctor () [0x0003a] in D:\Users Backup\Daniel Price\GitF\UCWX\Unity-Course-work\Prototype 1\Assets\PlayFabSDK\PlayFabEditorExtensions\Editor\Scripts\Panels\PlayFabEditorDataMenu.cs:74 
UnityEngine.StackTraceUtility:ExtractStackTrace ()
UnityEngine.DebugLogHandler:LogFormat (UnityEngine.LogType,UnityEngine.Object,string,object[])
UnityEngine.Logger:Log (UnityEngine.LogType,object)
UnityEngine.Debug:LogError (object)
UnityEditor.EditorAssemblies:ProcessInitializeOnLoadAttributes (System.Type[])

Mono: successfully reloaded assembly
- Completed reload, in  9.005 seconds
Domain Reload Profiling:
	ReloadAssembly (9007ms)
		BeginReloadAssembly (622ms)
			ExecutionOrderSort (0ms)
			DisableScriptedObjects (30ms)
			BackupInstance (0ms)
			ReleaseScriptingObjects (1ms)
			CreateAndSetChildDomain (216ms)
		EndReloadAssembly (7914ms)
			LoadAssemblies (737ms)
			RebuildTransferFunctionScriptingTraits (0ms)
			SetupTypeCache (2330ms)
			ReleaseScriptCaches (4ms)
			RebuildScriptCaches (349ms)
			SetupLoadedEditorAssemblies (3484ms)
				LogAssemblyErrors (0ms)
				InitializePlatformSupportModulesInManaged (37ms)
				SetLoadedEditorAssemblies (3ms)
				RefreshPlugins (2ms)
				BeforeProcessingInitializeOnLoad (789ms)
				ProcessInitializeOnLoadAttributes (2518ms)
				ProcessInitializeOnLoadMethodAttributes (66ms)
				AfterProcessingInitializeOnLoad (66ms)
				EditorAssembliesLoaded (2ms)
			ExecutionOrderSort2 (0ms)
			AwakeInstancesAfterBackupRestoration (59ms)
Platform modules already initialized, skipping
Refreshing native plugins compatible for Editor in 2.33 ms, found 2 plugins.
Preloading 0 native plugins for Editor in 0.00 ms.
Unloading 1924 Unused Serialized files (Serialized files now loaded: 0)
System memory in use before: 87.0 MB.
System memory in use after: 87.1 MB.

Unloading 23 unused Assets to reduce memory usage. Loaded Objects now: 2387.
Total: 16.377600 ms (FindLiveObjects: 1.085500 ms CreateObjectMapping: 1.127200 ms MarkObjects: 13.822300 ms  DeleteObjects: 0.336700 ms)

AssetImportParameters requested are different than current active one (requested -> active):
  custom:framework-win-MediaFoundation: 216162199b28c13a410421893ffa2e32 -> 
  custom:video-decoder-ogg-theora: a1e56fd34408186e4bbccfd4996cb3dc -> 
  custom:container-muxer-webm: aa71ff27fc2769a1b78a27578f13a17b -> 
  custom:container-demuxer-webm: 4f35f7cbe854078d1ac9338744f61a02 -> 
  custom:container-demuxer-ogg: 62fdf1f143b41e24485cea50d1cbac27 -> 
  custom:video-encoder-webm-vp8: eb34c28f22e8b96e1ab97ce403110664 -> 
  custom:video-decoder-webm-vp8: 9c59270c3fd7afecdb556c50c9e8de78 -> 
  custom:audio-decoder-ogg-vorbis: bf7c407c2cedff20999df2af8eb42d56 -> 
  custom:audio-encoder-webm-vorbis: bf7c407c2cedff20999df2af8eb42d56 -> 
========================================================================
Received Prepare
Registering precompiled user dll's ...
Registered in 0.331559 seconds.
Begin MonoManager ReloadAssembly
Native extension for WindowsStandalone target not found
Refreshing native plugins compatible for Editor in 2.39 ms, found 2 plugins.
Preloading 0 native plugins for Editor in 0.00 ms.
CreateSerializedAsset is not supported while importing out-of-process
UnityEngine.StackTraceUtility:ExtractStackTrace ()
PlayFab.PfEditor.PlayFabEditorPrefsSO:get_Instance () (at D:/Users Backup/Daniel Price/GitF/UCWX/Unity-Course-work/Prototype 1/Assets/PlayFabSDK/PlayFabEditorExtensions/Editor/Scripts/Utils/PlayFabEditorPrefsSO.cs:38)
PlayFab.PfEditor.SubMenuComponent:RegisterMenuItem (string,System.Action) (at D:/Users Backup/Daniel Price/GitF/UCWX/Unity-Course-work/Prototype 1/Assets/PlayFabSDK/PlayFabEditorExtensions/Editor/Scripts/Components/SubMenuComponent.cs:42)
PlayFab.PfEditor.PlayFabEditorDataMenu:RegisterMenu () (at D:/Users Backup/Daniel Price/GitF/UCWX/Unity-Course-work/Prototype 1/Assets/PlayFabSDK/PlayFabEditorExtensions/Editor/Scripts/Panels/PlayFabEditorDataMenu.cs:93)
PlayFab.PfEditor.PlayFabEditorDataMenu:.cctor () (at D:/Users Backup/Daniel Price/GitF/UCWX/Unity-Course-work/Prototype 1/Assets/PlayFabSDK/PlayFabEditorExtensions/Editor/Scripts/Panels/PlayFabEditorDataMenu.cs:74)
System.Runtime.CompilerServices.RuntimeHelpers:RunClassConstructor (System.RuntimeTypeHandle)
UnityEditor.EditorAssemblies:ProcessInitializeOnLoadAttributes (System.Type[])

[D:/Users Backup/Daniel Price/GitF/UCWX/Unity-Course-work/Prototype 1/Assets/PlayFabSDK/PlayFabEditorExtensions/Editor/Scripts/Utils/PlayFabEditorPrefsSO.cs line 38]

UnityEngine.UnityException: Creating asset at path Assets/PlayFabEditorExtensions/Editor/Resources/PlayFabEditorPrefsSO.asset failed.
  at (wrapper managed-to-native) UnityEditor.AssetDatabase.CreateAsset(UnityEngine.Object,string)
  at PlayFab.PfEditor.PlayFabEditorPrefsSO.get_Instance () [0x00084] in D:\Users Backup\Daniel Price\GitF\UCWX\Unity-Course-work\Prototype 1\Assets\PlayFabSDK\PlayFabEditorExtensions\Editor\Scripts\Utils\PlayFabEditorPrefsSO.cs:38 
  at PlayFab.PfEditor.SubMenuComponent.RegisterMenuItem (System.String n, System.Action m) [0x00010] in D:\Users Backup\Daniel Price\GitF\UCWX\Unity-Course-work\Prototype 1\Assets\PlayFabSDK\PlayFabEditorExtensions\Editor\Scripts\Components\SubMenuComponent.cs:42 
  at PlayFab.PfEditor.PlayFabEditorDataMenu.RegisterMenu () [0x00018] in D:\Users Backup\Daniel Price\GitF\UCWX\Unity-Course-work\Prototype 1\Assets\PlayFabSDK\PlayFabEditorExtensions\Editor\Scripts\Panels\PlayFabEditorDataMenu.cs:93 
  at PlayFab.PfEditor.PlayFabEditorDataMenu..cctor () [0x0003a] in D:\Users Backup\Daniel Price\GitF\UCWX\Unity-Course-work\Prototype 1\Assets\PlayFabSDK\PlayFabEditorExtensions\Editor\Scripts\Panels\PlayFabEditorDataMenu.cs:74 
UnityEngine.StackTraceUtility:ExtractStackTrace ()
UnityEngine.DebugLogHandler:LogFormat (UnityEngine.LogType,UnityEngine.Object,string,object[])
UnityEngine.Logger:Log (UnityEngine.LogType,object)
UnityEngine.Debug:LogError (object)
UnityEditor.EditorAssemblies:ProcessInitializeOnLoadAttributes (System.Type[])

Mono: successfully reloaded assembly
- Completed reload, in 12.685 seconds
Domain Reload Profiling:
	ReloadAssembly (12686ms)
		BeginReloadAssembly (1135ms)
			ExecutionOrderSort (0ms)
			DisableScriptedObjects (38ms)
			BackupInstance (0ms)
			ReleaseScriptingObjects (0ms)
			CreateAndSetChildDomain (352ms)
		EndReloadAssembly (10931ms)
			LoadAssemblies (841ms)
			RebuildTransferFunctionScriptingTraits (0ms)
			SetupTypeCache (5071ms)
			ReleaseScriptCaches (4ms)
			RebuildScriptCaches (339ms)
			SetupLoadedEditorAssemblies (3993ms)
				LogAssemblyErrors (0ms)
				InitializePlatformSupportModulesInManaged (45ms)
				SetLoadedEditorAssemblies (3ms)
				RefreshPlugins (3ms)
				BeforeProcessingInitializeOnLoad (1191ms)
				ProcessInitializeOnLoadAttributes (2609ms)
				ProcessInitializeOnLoadMethodAttributes (79ms)
				AfterProcessingInitializeOnLoad (61ms)
				EditorAssembliesLoaded (2ms)
			ExecutionOrderSort2 (0ms)
			AwakeInstancesAfterBackupRestoration (55ms)
Platform modules already initialized, skipping
Refreshing native plugins compatible for Editor in 2.47 ms, found 2 plugins.
Preloading 0 native plugins for Editor in 0.00 ms.
Unloading 1924 Unused Serialized files (Serialized files now loaded: 0)
System memory in use before: 87.0 MB.
System memory in use after: 87.2 MB.

Unloading 23 unused Assets to reduce memory usage. Loaded Objects now: 2392.
Total: 15.485200 ms (FindLiveObjects: 1.159800 ms CreateObjectMapping: 0.362400 ms MarkObjects: 13.801300 ms  DeleteObjects: 0.155600 ms)

AssetImportParameters requested are different than current active one (requested -> active):
  custom:framework-win-MediaFoundation: 216162199b28c13a410421893ffa2e32 -> 
  custom:video-decoder-ogg-theora: a1e56fd34408186e4bbccfd4996cb3dc -> 
  custom:container-muxer-webm: aa71ff27fc2769a1b78a27578f13a17b -> 
  custom:container-demuxer-webm: 4f35f7cbe854078d1ac9338744f61a02 -> 
  custom:container-demuxer-ogg: 62fdf1f143b41e24485cea50d1cbac27 -> 
  custom:video-encoder-webm-vp8: eb34c28f22e8b96e1ab97ce403110664 -> 
  custom:video-decoder-webm-vp8: 9c59270c3fd7afecdb556c50c9e8de78 -> 
  custom:audio-decoder-ogg-vorbis: bf7c407c2cedff20999df2af8eb42d56 -> 
  custom:audio-encoder-webm-vorbis: bf7c407c2cedff20999df2af8eb42d56 -> 
========================================================================
Received Prepare
Registering precompiled user dll's ...
Registered in 0.223189 seconds.
Begin MonoManager ReloadAssembly
Native extension for WindowsStandalone target not found
Refreshing native plugins compatible for Editor in 1.49 ms, found 2 plugins.
Preloading 0 native plugins for Editor in 0.00 ms.
CreateSerializedAsset is not supported while importing out-of-process
UnityEngine.StackTraceUtility:ExtractStackTrace ()
PlayFab.PfEditor.PlayFabEditorPrefsSO:get_Instance () (at D:/Users Backup/Daniel Price/GitF/UCWX/Unity-Course-work/Prototype 1/Assets/PlayFabSDK/PlayFabEditorExtensions/Editor/Scripts/Utils/PlayFabEditorPrefsSO.cs:38)
PlayFab.PfEditor.SubMenuComponent:RegisterMenuItem (string,System.Action) (at D:/Users Backup/Daniel Price/GitF/UCWX/Unity-Course-work/Prototype 1/Assets/PlayFabSDK/PlayFabEditorExtensions/Editor/Scripts/Components/SubMenuComponent.cs:42)
PlayFab.PfEditor.PlayFabEditorDataMenu:RegisterMenu () (at D:/Users Backup/Daniel Price/GitF/UCWX/Unity-Course-work/Prototype 1/Assets/PlayFabSDK/PlayFabEditorExtensions/Editor/Scripts/Panels/PlayFabEditorDataMenu.cs:93)
PlayFab.PfEditor.PlayFabEditorDataMenu:.cctor () (at D:/Users Backup/Daniel Price/GitF/UCWX/Unity-Course-work/Prototype 1/Assets/PlayFabSDK/PlayFabEditorExtensions/Editor/Scripts/Panels/PlayFabEditorDataMenu.cs:74)
System.Runtime.CompilerServices.RuntimeHelpers:RunClassConstructor (System.RuntimeTypeHandle)
UnityEditor.EditorAssemblies:ProcessInitializeOnLoadAttributes (System.Type[])

[D:/Users Backup/Daniel Price/GitF/UCWX/Unity-Course-work/Prototype 1/Assets/PlayFabSDK/PlayFabEditorExtensions/Editor/Scripts/Utils/PlayFabEditorPrefsSO.cs line 38]

UnityEngine.UnityException: Creating asset at path Assets/PlayFabEditorExtensions/Editor/Resources/PlayFabEditorPrefsSO.asset failed.
  at (wrapper managed-to-native) UnityEditor.AssetDatabase.CreateAsset(UnityEngine.Object,string)
  at PlayFab.PfEditor.PlayFabEditorPrefsSO.get_Instance () [0x00084] in D:\Users Backup\Daniel Price\GitF\UCWX\Unity-Course-work\Prototype 1\Assets\PlayFabSDK\PlayFabEditorExtensions\Editor\Scripts\Utils\PlayFabEditorPrefsSO.cs:38 
  at PlayFab.PfEditor.SubMenuComponent.RegisterMenuItem (System.String n, System.Action m) [0x00010] in D:\Users Backup\Daniel Price\GitF\UCWX\Unity-Course-work\Prototype 1\Assets\PlayFabSDK\PlayFabEditorExtensions\Editor\Scripts\Components\SubMenuComponent.cs:42 
  at PlayFab.PfEditor.PlayFabEditorDataMenu.RegisterMenu () [0x00018] in D:\Users Backup\Daniel Price\GitF\UCWX\Unity-Course-work\Prototype 1\Assets\PlayFabSDK\PlayFabEditorExtensions\Editor\Scripts\Panels\PlayFabEditorDataMenu.cs:93 
  at PlayFab.PfEditor.PlayFabEditorDataMenu..cctor () [0x0003a] in D:\Users Backup\Daniel Price\GitF\UCWX\Unity-Course-work\Prototype 1\Assets\PlayFabSDK\PlayFabEditorExtensions\Editor\Scripts\Panels\PlayFabEditorDataMenu.cs:74 
UnityEngine.StackTraceUtility:ExtractStackTrace ()
UnityEngine.DebugLogHandler:LogFormat (UnityEngine.LogType,UnityEngine.Object,string,object[])
UnityEngine.Logger:Log (UnityEngine.LogType,object)
UnityEngine.Debug:LogError (object)
UnityEditor.EditorAssemblies:ProcessInitializeOnLoadAttributes (System.Type[])

Mono: successfully reloaded assembly
- Completed reload, in  9.052 seconds
Domain Reload Profiling:
	ReloadAssembly (9058ms)
		BeginReloadAssembly (687ms)
			ExecutionOrderSort (0ms)
			DisableScriptedObjects (34ms)
			BackupInstance (0ms)
			ReleaseScriptingObjects (0ms)
			CreateAndSetChildDomain (298ms)
		EndReloadAssembly (7594ms)
			LoadAssemblies (676ms)
			RebuildTransferFunctionScriptingTraits (0ms)
			SetupTypeCache (2880ms)
			ReleaseScriptCaches (5ms)
			RebuildScriptCaches (378ms)
			SetupLoadedEditorAssemblies (2683ms)
				LogAssemblyErrors (0ms)
				InitializePlatformSupportModulesInManaged (17ms)
				SetLoadedEditorAssemblies (2ms)
				RefreshPlugins (2ms)
				BeforeProcessingInitializeOnLoad (478ms)
				ProcessInitializeOnLoadAttributes (2104ms)
				ProcessInitializeOnLoadMethodAttributes (43ms)
				AfterProcessingInitializeOnLoad (37ms)
				EditorAssembliesLoaded (1ms)
			ExecutionOrderSort2 (0ms)
			AwakeInstancesAfterBackupRestoration (44ms)
Platform modules already initialized, skipping
Refreshing native plugins compatible for Editor in 3.12 ms, found 2 plugins.
Preloading 0 native plugins for Editor in 0.00 ms.
Unloading 1924 Unused Serialized files (Serialized files now loaded: 0)
System memory in use before: 87.1 MB.
System memory in use after: 87.2 MB.

Unloading 23 unused Assets to reduce memory usage. Loaded Objects now: 2397.
Total: 18.647500 ms (FindLiveObjects: 1.888400 ms CreateObjectMapping: 1.202200 ms MarkObjects: 15.445600 ms  DeleteObjects: 0.106400 ms)

AssetImportParameters requested are different than current active one (requested -> active):
  custom:framework-win-MediaFoundation: 216162199b28c13a410421893ffa2e32 -> 
  custom:video-decoder-ogg-theora: a1e56fd34408186e4bbccfd4996cb3dc -> 
  custom:container-muxer-webm: aa71ff27fc2769a1b78a27578f13a17b -> 
  custom:container-demuxer-webm: 4f35f7cbe854078d1ac9338744f61a02 -> 
  custom:container-demuxer-ogg: 62fdf1f143b41e24485cea50d1cbac27 -> 
  custom:video-encoder-webm-vp8: eb34c28f22e8b96e1ab97ce403110664 -> 
  custom:video-decoder-webm-vp8: 9c59270c3fd7afecdb556c50c9e8de78 -> 
  custom:audio-decoder-ogg-vorbis: bf7c407c2cedff20999df2af8eb42d56 -> 
  custom:audio-encoder-webm-vorbis: bf7c407c2cedff20999df2af8eb42d56 -> 
========================================================================
Received Prepare
Registering precompiled user dll's ...
Registered in 0.279091 seconds.
Begin MonoManager ReloadAssembly
Native extension for WindowsStandalone target not found
Refreshing native plugins compatible for Editor in 1.92 ms, found 2 plugins.
Preloading 0 native plugins for Editor in 0.00 ms.
CreateSerializedAsset is not supported while importing out-of-process
UnityEngine.StackTraceUtility:ExtractStackTrace ()
PlayFab.PfEditor.PlayFabEditorPrefsSO:get_Instance () (at D:/Users Backup/Daniel Price/GitF/UCWX/Unity-Course-work/Prototype 1/Assets/PlayFabSDK/PlayFabEditorExtensions/Editor/Scripts/Utils/PlayFabEditorPrefsSO.cs:38)
PlayFab.PfEditor.SubMenuComponent:RegisterMenuItem (string,System.Action) (at D:/Users Backup/Daniel Price/GitF/UCWX/Unity-Course-work/Prototype 1/Assets/PlayFabSDK/PlayFabEditorExtensions/Editor/Scripts/Components/SubMenuComponent.cs:42)
PlayFab.PfEditor.PlayFabEditorDataMenu:RegisterMenu () (at D:/Users Backup/Daniel Price/GitF/UCWX/Unity-Course-work/Prototype 1/Assets/PlayFabSDK/PlayFabEditorExtensions/Editor/Scripts/Panels/PlayFabEditorDataMenu.cs:93)
PlayFab.PfEditor.PlayFabEditorDataMenu:.cctor () (at D:/Users Backup/Daniel Price/GitF/UCWX/Unity-Course-work/Prototype 1/Assets/PlayFabSDK/PlayFabEditorExtensions/Editor/Scripts/Panels/PlayFabEditorDataMenu.cs:74)
System.Runtime.CompilerServices.RuntimeHelpers:RunClassConstructor (System.RuntimeTypeHandle)
UnityEditor.EditorAssemblies:ProcessInitializeOnLoadAttributes (System.Type[])

[D:/Users Backup/Daniel Price/GitF/UCWX/Unity-Course-work/Prototype 1/Assets/PlayFabSDK/PlayFabEditorExtensions/Editor/Scripts/Utils/PlayFabEditorPrefsSO.cs line 38]

UnityEngine.UnityException: Creating asset at path Assets/PlayFabEditorExtensions/Editor/Resources/PlayFabEditorPrefsSO.asset failed.
  at (wrapper managed-to-native) UnityEditor.AssetDatabase.CreateAsset(UnityEngine.Object,string)
  at PlayFab.PfEditor.PlayFabEditorPrefsSO.get_Instance () [0x00084] in D:\Users Backup\Daniel Price\GitF\UCWX\Unity-Course-work\Prototype 1\Assets\PlayFabSDK\PlayFabEditorExtensions\Editor\Scripts\Utils\PlayFabEditorPrefsSO.cs:38 
  at PlayFab.PfEditor.SubMenuComponent.RegisterMenuItem (System.String n, System.Action m) [0x00010] in D:\Users Backup\Daniel Price\GitF\UCWX\Unity-Course-work\Prototype 1\Assets\PlayFabSDK\PlayFabEditorExtensions\Editor\Scripts\Components\SubMenuComponent.cs:42 
  at PlayFab.PfEditor.PlayFabEditorDataMenu.RegisterMenu () [0x00018] in D:\Users Backup\Daniel Price\GitF\UCWX\Unity-Course-work\Prototype 1\Assets\PlayFabSDK\PlayFabEditorExtensions\Editor\Scripts\Panels\PlayFabEditorDataMenu.cs:93 
  at PlayFab.PfEditor.PlayFabEditorDataMenu..cctor () [0x0003a] in D:\Users Backup\Daniel Price\GitF\UCWX\Unity-Course-work\Prototype 1\Assets\PlayFabSDK\PlayFabEditorExtensions\Editor\Scripts\Panels\PlayFabEditorDataMenu.cs:74 
UnityEngine.StackTraceUtility:ExtractStackTrace ()
UnityEngine.DebugLogHandler:LogFormat (UnityEngine.LogType,UnityEngine.Object,string,object[])
UnityEngine.Logger:Log (UnityEngine.LogType,object)
UnityEngine.Debug:LogError (object)
UnityEditor.EditorAssemblies:ProcessInitializeOnLoadAttributes (System.Type[])

Mono: successfully reloaded assembly
- Completed reload, in 10.289 seconds
Domain Reload Profiling:
	ReloadAssembly (10290ms)
		BeginReloadAssembly (944ms)
			ExecutionOrderSort (0ms)
			DisableScriptedObjects (24ms)
			BackupInstance (0ms)
			ReleaseScriptingObjects (0ms)
			CreateAndSetChildDomain (282ms)
		EndReloadAssembly (8732ms)
			LoadAssemblies (910ms)
			RebuildTransferFunctionScriptingTraits (0ms)
			SetupTypeCache (3369ms)
			ReleaseScriptCaches (18ms)
			RebuildScriptCaches (365ms)
			SetupLoadedEditorAssemblies (3494ms)
				LogAssemblyErrors (0ms)
				InitializePlatformSupportModulesInManaged (43ms)
				SetLoadedEditorAssemblies (2ms)
				RefreshPlugins (2ms)
				BeforeProcessingInitializeOnLoad (786ms)
				ProcessInitializeOnLoadAttributes (2572ms)
				ProcessInitializeOnLoadMethodAttributes (41ms)
				AfterProcessingInitializeOnLoad (45ms)
				EditorAssembliesLoaded (1ms)
			ExecutionOrderSort2 (0ms)
			AwakeInstancesAfterBackupRestoration (44ms)
Platform modules already initialized, skipping
Refreshing native plugins compatible for Editor in 2.02 ms, found 2 plugins.
Preloading 0 native plugins for Editor in 0.00 ms.
Unloading 1924 Unused Serialized files (Serialized files now loaded: 0)
System memory in use before: 87.1 MB.
System memory in use after: 87.2 MB.

Unloading 23 unused Assets to reduce memory usage. Loaded Objects now: 2402.
Total: 9.348200 ms (FindLiveObjects: 0.712400 ms CreateObjectMapping: 0.176600 ms MarkObjects: 8.351000 ms  DeleteObjects: 0.102900 ms)

AssetImportParameters requested are different than current active one (requested -> active):
  custom:framework-win-MediaFoundation: 216162199b28c13a410421893ffa2e32 -> 
  custom:video-decoder-ogg-theora: a1e56fd34408186e4bbccfd4996cb3dc -> 
  custom:container-muxer-webm: aa71ff27fc2769a1b78a27578f13a17b -> 
  custom:container-demuxer-webm: 4f35f7cbe854078d1ac9338744f61a02 -> 
  custom:container-demuxer-ogg: 62fdf1f143b41e24485cea50d1cbac27 -> 
  custom:video-encoder-webm-vp8: eb34c28f22e8b96e1ab97ce403110664 -> 
  custom:video-decoder-webm-vp8: 9c59270c3fd7afecdb556c50c9e8de78 -> 
  custom:audio-decoder-ogg-vorbis: bf7c407c2cedff20999df2af8eb42d56 -> 
  custom:audio-encoder-webm-vorbis: bf7c407c2cedff20999df2af8eb42d56 -> 
========================================================================
Received Prepare
Registering precompiled user dll's ...
Registered in 0.181264 seconds.
Begin MonoManager ReloadAssembly
Native extension for WindowsStandalone target not found
Refreshing native plugins compatible for Editor in 2.91 ms, found 2 plugins.
Preloading 0 native plugins for Editor in 0.00 ms.
CreateSerializedAsset is not supported while importing out-of-process
UnityEngine.StackTraceUtility:ExtractStackTrace ()
PlayFab.PfEditor.PlayFabEditorPrefsSO:get_Instance () (at D:/Users Backup/Daniel Price/GitF/UCWX/Unity-Course-work/Prototype 1/Assets/PlayFabSDK/PlayFabEditorExtensions/Editor/Scripts/Utils/PlayFabEditorPrefsSO.cs:38)
PlayFab.PfEditor.SubMenuComponent:RegisterMenuItem (string,System.Action) (at D:/Users Backup/Daniel Price/GitF/UCWX/Unity-Course-work/Prototype 1/Assets/PlayFabSDK/PlayFabEditorExtensions/Editor/Scripts/Components/SubMenuComponent.cs:42)
PlayFab.PfEditor.PlayFabEditorDataMenu:RegisterMenu () (at D:/Users Backup/Daniel Price/GitF/UCWX/Unity-Course-work/Prototype 1/Assets/PlayFabSDK/PlayFabEditorExtensions/Editor/Scripts/Panels/PlayFabEditorDataMenu.cs:93)
PlayFab.PfEditor.PlayFabEditorDataMenu:.cctor () (at D:/Users Backup/Daniel Price/GitF/UCWX/Unity-Course-work/Prototype 1/Assets/PlayFabSDK/PlayFabEditorExtensions/Editor/Scripts/Panels/PlayFabEditorDataMenu.cs:74)
System.Runtime.CompilerServices.RuntimeHelpers:RunClassConstructor (System.RuntimeTypeHandle)
UnityEditor.EditorAssemblies:ProcessInitializeOnLoadAttributes (System.Type[])

[D:/Users Backup/Daniel Price/GitF/UCWX/Unity-Course-work/Prototype 1/Assets/PlayFabSDK/PlayFabEditorExtensions/Editor/Scripts/Utils/PlayFabEditorPrefsSO.cs line 38]

UnityEngine.UnityException: Creating asset at path Assets/PlayFabEditorExtensions/Editor/Resources/PlayFabEditorPrefsSO.asset failed.
  at (wrapper managed-to-native) UnityEditor.AssetDatabase.CreateAsset(UnityEngine.Object,string)
  at PlayFab.PfEditor.PlayFabEditorPrefsSO.get_Instance () [0x00084] in D:\Users Backup\Daniel Price\GitF\UCWX\Unity-Course-work\Prototype 1\Assets\PlayFabSDK\PlayFabEditorExtensions\Editor\Scripts\Utils\PlayFabEditorPrefsSO.cs:38 
  at PlayFab.PfEditor.SubMenuComponent.RegisterMenuItem (System.String n, System.Action m) [0x00010] in D:\Users Backup\Daniel Price\GitF\UCWX\Unity-Course-work\Prototype 1\Assets\PlayFabSDK\PlayFabEditorExtensions\Editor\Scripts\Components\SubMenuComponent.cs:42 
  at PlayFab.PfEditor.PlayFabEditorDataMenu.RegisterMenu () [0x00018] in D:\Users Backup\Daniel Price\GitF\UCWX\Unity-Course-work\Prototype 1\Assets\PlayFabSDK\PlayFabEditorExtensions\Editor\Scripts\Panels\PlayFabEditorDataMenu.cs:93 
  at PlayFab.PfEditor.PlayFabEditorDataMenu..cctor () [0x0003a] in D:\Users Backup\Daniel Price\GitF\UCWX\Unity-Course-work\Prototype 1\Assets\PlayFabSDK\PlayFabEditorExtensions\Editor\Scripts\Panels\PlayFabEditorDataMenu.cs:74 
UnityEngine.StackTraceUtility:ExtractStackTrace ()
UnityEngine.DebugLogHandler:LogFormat (UnityEngine.LogType,UnityEngine.Object,string,object[])
UnityEngine.Logger:Log (UnityEngine.LogType,object)
UnityEngine.Debug:LogError (object)
UnityEditor.EditorAssemblies:ProcessInitializeOnLoadAttributes (System.Type[])

Mono: successfully reloaded assembly
- Completed reload, in 11.162 seconds
Domain Reload Profiling:
	ReloadAssembly (11163ms)
		BeginReloadAssembly (867ms)
			ExecutionOrderSort (0ms)
			DisableScriptedObjects (18ms)
			BackupInstance (0ms)
			ReleaseScriptingObjects (1ms)
			CreateAndSetChildDomain (337ms)
		EndReloadAssembly (9952ms)
			LoadAssemblies (719ms)
			RebuildTransferFunctionScriptingTraits (0ms)
			SetupTypeCache (2819ms)
			ReleaseScriptCaches (4ms)
			RebuildScriptCaches (448ms)
			SetupLoadedEditorAssemblies (4392ms)
				LogAssemblyErrors (0ms)
				InitializePlatformSupportModulesInManaged (70ms)
				SetLoadedEditorAssemblies (3ms)
				RefreshPlugins (3ms)
				BeforeProcessingInitializeOnLoad (1565ms)
				ProcessInitializeOnLoadAttributes (2611ms)
				ProcessInitializeOnLoadMethodAttributes (75ms)
				AfterProcessingInitializeOnLoad (63ms)
				EditorAssembliesLoaded (1ms)
			ExecutionOrderSort2 (0ms)
			AwakeInstancesAfterBackupRestoration (60ms)
Platform modules already initialized, skipping
Refreshing native plugins compatible for Editor in 4.12 ms, found 2 plugins.
Preloading 0 native plugins for Editor in 0.00 ms.
Unloading 1924 Unused Serialized files (Serialized files now loaded: 0)
System memory in use before: 87.1 MB.
System memory in use after: 87.2 MB.

Unloading 23 unused Assets to reduce memory usage. Loaded Objects now: 2407.
Total: 39.849100 ms (FindLiveObjects: 5.650100 ms CreateObjectMapping: 0.401700 ms MarkObjects: 33.624400 ms  DeleteObjects: 0.166900 ms)

AssetImportParameters requested are different than current active one (requested -> active):
  custom:framework-win-MediaFoundation: 216162199b28c13a410421893ffa2e32 -> 
  custom:video-decoder-ogg-theora: a1e56fd34408186e4bbccfd4996cb3dc -> 
  custom:container-muxer-webm: aa71ff27fc2769a1b78a27578f13a17b -> 
  custom:container-demuxer-webm: 4f35f7cbe854078d1ac9338744f61a02 -> 
  custom:container-demuxer-ogg: 62fdf1f143b41e24485cea50d1cbac27 -> 
  custom:video-encoder-webm-vp8: eb34c28f22e8b96e1ab97ce403110664 -> 
  custom:video-decoder-webm-vp8: 9c59270c3fd7afecdb556c50c9e8de78 -> 
  custom:audio-decoder-ogg-vorbis: bf7c407c2cedff20999df2af8eb42d56 -> 
  custom:audio-encoder-webm-vorbis: bf7c407c2cedff20999df2af8eb42d56 -> 
========================================================================
Received Prepare
Registering precompiled user dll's ...
Registered in 0.233984 seconds.
Begin MonoManager ReloadAssembly
Native extension for WindowsStandalone target not found
Refreshing native plugins compatible for Editor in 2.94 ms, found 2 plugins.
Preloading 0 native plugins for Editor in 0.00 ms.
CreateSerializedAsset is not supported while importing out-of-process
UnityEngine.StackTraceUtility:ExtractStackTrace ()
PlayFab.PfEditor.PlayFabEditorPrefsSO:get_Instance () (at D:/Users Backup/Daniel Price/GitF/UCWX/Unity-Course-work/Prototype 1/Assets/PlayFabSDK/PlayFabEditorExtensions/Editor/Scripts/Utils/PlayFabEditorPrefsSO.cs:38)
PlayFab.PfEditor.SubMenuComponent:RegisterMenuItem (string,System.Action) (at D:/Users Backup/Daniel Price/GitF/UCWX/Unity-Course-work/Prototype 1/Assets/PlayFabSDK/PlayFabEditorExtensions/Editor/Scripts/Components/SubMenuComponent.cs:42)
PlayFab.PfEditor.PlayFabEditorDataMenu:RegisterMenu () (at D:/Users Backup/Daniel Price/GitF/UCWX/Unity-Course-work/Prototype 1/Assets/PlayFabSDK/PlayFabEditorExtensions/Editor/Scripts/Panels/PlayFabEditorDataMenu.cs:93)
PlayFab.PfEditor.PlayFabEditorDataMenu:.cctor () (at D:/Users Backup/Daniel Price/GitF/UCWX/Unity-Course-work/Prototype 1/Assets/PlayFabSDK/PlayFabEditorExtensions/Editor/Scripts/Panels/PlayFabEditorDataMenu.cs:74)
System.Runtime.CompilerServices.RuntimeHelpers:RunClassConstructor (System.RuntimeTypeHandle)
UnityEditor.EditorAssemblies:ProcessInitializeOnLoadAttributes (System.Type[])

[D:/Users Backup/Daniel Price/GitF/UCWX/Unity-Course-work/Prototype 1/Assets/PlayFabSDK/PlayFabEditorExtensions/Editor/Scripts/Utils/PlayFabEditorPrefsSO.cs line 38]

UnityEngine.UnityException: Creating asset at path Assets/PlayFabEditorExtensions/Editor/Resources/PlayFabEditorPrefsSO.asset failed.
  at (wrapper managed-to-native) UnityEditor.AssetDatabase.CreateAsset(UnityEngine.Object,string)
  at PlayFab.PfEditor.PlayFabEditorPrefsSO.get_Instance () [0x00084] in D:\Users Backup\Daniel Price\GitF\UCWX\Unity-Course-work\Prototype 1\Assets\PlayFabSDK\PlayFabEditorExtensions\Editor\Scripts\Utils\PlayFabEditorPrefsSO.cs:38 
  at PlayFab.PfEditor.SubMenuComponent.RegisterMenuItem (System.String n, System.Action m) [0x00010] in D:\Users Backup\Daniel Price\GitF\UCWX\Unity-Course-work\Prototype 1\Assets\PlayFabSDK\PlayFabEditorExtensions\Editor\Scripts\Components\SubMenuComponent.cs:42 
  at PlayFab.PfEditor.PlayFabEditorDataMenu.RegisterMenu () [0x00018] in D:\Users Backup\Daniel Price\GitF\UCWX\Unity-Course-work\Prototype 1\Assets\PlayFabSDK\PlayFabEditorExtensions\Editor\Scripts\Panels\PlayFabEditorDataMenu.cs:93 
  at PlayFab.PfEditor.PlayFabEditorDataMenu..cctor () [0x0003a] in D:\Users Backup\Daniel Price\GitF\UCWX\Unity-Course-work\Prototype 1\Assets\PlayFabSDK\PlayFabEditorExtensions\Editor\Scripts\Panels\PlayFabEditorDataMenu.cs:74 
UnityEngine.StackTraceUtility:ExtractStackTrace ()
UnityEngine.DebugLogHandler:LogFormat (UnityEngine.LogType,UnityEngine.Object,string,object[])
UnityEngine.Logger:Log (UnityEngine.LogType,object)
UnityEngine.Debug:LogError (object)
UnityEditor.EditorAssemblies:ProcessInitializeOnLoadAttributes (System.Type[])

Mono: successfully reloaded assembly
- Completed reload, in  9.908 seconds
Domain Reload Profiling:
	ReloadAssembly (9910ms)
		BeginReloadAssembly (1348ms)
			ExecutionOrderSort (0ms)
			DisableScriptedObjects (39ms)
			BackupInstance (0ms)
			ReleaseScriptingObjects (0ms)
			CreateAndSetChildDomain (360ms)
		EndReloadAssembly (7915ms)
			LoadAssemblies (1084ms)
			RebuildTransferFunctionScriptingTraits (0ms)
			SetupTypeCache (2365ms)
			ReleaseScriptCaches (4ms)
			RebuildScriptCaches (316ms)
			SetupLoadedEditorAssemblies (3311ms)
				LogAssemblyErrors (0ms)
				InitializePlatformSupportModulesInManaged (56ms)
				SetLoadedEditorAssemblies (4ms)
				RefreshPlugins (3ms)
				BeforeProcessingInitializeOnLoad (931ms)
				ProcessInitializeOnLoadAttributes (2176ms)
				ProcessInitializeOnLoadMethodAttributes (70ms)
				AfterProcessingInitializeOnLoad (69ms)
				EditorAssembliesLoaded (1ms)
			ExecutionOrderSort2 (0ms)
			AwakeInstancesAfterBackupRestoration (59ms)
Platform modules already initialized, skipping
Refreshing native plugins compatible for Editor in 2.21 ms, found 2 plugins.
Preloading 0 native plugins for Editor in 0.00 ms.
Unloading 1924 Unused Serialized files (Serialized files now loaded: 0)
System memory in use before: 87.1 MB.
System memory in use after: 87.2 MB.

Unloading 23 unused Assets to reduce memory usage. Loaded Objects now: 2412.
Total: 43.556800 ms (FindLiveObjects: 1.996600 ms CreateObjectMapping: 0.606000 ms MarkObjects: 40.824000 ms  DeleteObjects: 0.122300 ms)

AssetImportParameters requested are different than current active one (requested -> active):
  custom:framework-win-MediaFoundation: 216162199b28c13a410421893ffa2e32 -> 
  custom:video-decoder-ogg-theora: a1e56fd34408186e4bbccfd4996cb3dc -> 
  custom:container-muxer-webm: aa71ff27fc2769a1b78a27578f13a17b -> 
  custom:container-demuxer-webm: 4f35f7cbe854078d1ac9338744f61a02 -> 
  custom:container-demuxer-ogg: 62fdf1f143b41e24485cea50d1cbac27 -> 
  custom:video-encoder-webm-vp8: eb34c28f22e8b96e1ab97ce403110664 -> 
  custom:video-decoder-webm-vp8: 9c59270c3fd7afecdb556c50c9e8de78 -> 
  custom:audio-decoder-ogg-vorbis: bf7c407c2cedff20999df2af8eb42d56 -> 
  custom:audio-encoder-webm-vorbis: bf7c407c2cedff20999df2af8eb42d56 -> 
========================================================================
Received Prepare
Registering precompiled user dll's ...
Registered in 0.191395 seconds.
Begin MonoManager ReloadAssembly
Native extension for WindowsStandalone target not found
Refreshing native plugins compatible for Editor in 1.53 ms, found 2 plugins.
Preloading 0 native plugins for Editor in 0.00 ms.
CreateSerializedAsset is not supported while importing out-of-process
UnityEngine.StackTraceUtility:ExtractStackTrace ()
PlayFab.PfEditor.PlayFabEditorPrefsSO:get_Instance () (at D:/Users Backup/Daniel Price/GitF/UCWX/Unity-Course-work/Prototype 1/Assets/PlayFabSDK/PlayFabEditorExtensions/Editor/Scripts/Utils/PlayFabEditorPrefsSO.cs:38)
PlayFab.PfEditor.SubMenuComponent:RegisterMenuItem (string,System.Action) (at D:/Users Backup/Daniel Price/GitF/UCWX/Unity-Course-work/Prototype 1/Assets/PlayFabSDK/PlayFabEditorExtensions/Editor/Scripts/Components/SubMenuComponent.cs:42)
PlayFab.PfEditor.PlayFabEditorDataMenu:RegisterMenu () (at D:/Users Backup/Daniel Price/GitF/UCWX/Unity-Course-work/Prototype 1/Assets/PlayFabSDK/PlayFabEditorExtensions/Editor/Scripts/Panels/PlayFabEditorDataMenu.cs:93)
PlayFab.PfEditor.PlayFabEditorDataMenu:.cctor () (at D:/Users Backup/Daniel Price/GitF/UCWX/Unity-Course-work/Prototype 1/Assets/PlayFabSDK/PlayFabEditorExtensions/Editor/Scripts/Panels/PlayFabEditorDataMenu.cs:74)
System.Runtime.CompilerServices.RuntimeHelpers:RunClassConstructor (System.RuntimeTypeHandle)
UnityEditor.EditorAssemblies:ProcessInitializeOnLoadAttributes (System.Type[])

[D:/Users Backup/Daniel Price/GitF/UCWX/Unity-Course-work/Prototype 1/Assets/PlayFabSDK/PlayFabEditorExtensions/Editor/Scripts/Utils/PlayFabEditorPrefsSO.cs line 38]

UnityEngine.UnityException: Creating asset at path Assets/PlayFabEditorExtensions/Editor/Resources/PlayFabEditorPrefsSO.asset failed.
  at (wrapper managed-to-native) UnityEditor.AssetDatabase.CreateAsset(UnityEngine.Object,string)
  at PlayFab.PfEditor.PlayFabEditorPrefsSO.get_Instance () [0x00084] in D:\Users Backup\Daniel Price\GitF\UCWX\Unity-Course-work\Prototype 1\Assets\PlayFabSDK\PlayFabEditorExtensions\Editor\Scripts\Utils\PlayFabEditorPrefsSO.cs:38 
  at PlayFab.PfEditor.SubMenuComponent.RegisterMenuItem (System.String n, System.Action m) [0x00010] in D:\Users Backup\Daniel Price\GitF\UCWX\Unity-Course-work\Prototype 1\Assets\PlayFabSDK\PlayFabEditorExtensions\Editor\Scripts\Components\SubMenuComponent.cs:42 
  at PlayFab.PfEditor.PlayFabEditorDataMenu.RegisterMenu () [0x00018] in D:\Users Backup\Daniel Price\GitF\UCWX\Unity-Course-work\Prototype 1\Assets\PlayFabSDK\PlayFabEditorExtensions\Editor\Scripts\Panels\PlayFabEditorDataMenu.cs:93 
  at PlayFab.PfEditor.PlayFabEditorDataMenu..cctor () [0x0003a] in D:\Users Backup\Daniel Price\GitF\UCWX\Unity-Course-work\Prototype 1\Assets\PlayFabSDK\PlayFabEditorExtensions\Editor\Scripts\Panels\PlayFabEditorDataMenu.cs:74 
UnityEngine.StackTraceUtility:ExtractStackTrace ()
UnityEngine.DebugLogHandler:LogFormat (UnityEngine.LogType,UnityEngine.Object,string,object[])
UnityEngine.Logger:Log (UnityEngine.LogType,object)
UnityEngine.Debug:LogError (object)
UnityEditor.EditorAssemblies:ProcessInitializeOnLoadAttributes (System.Type[])

Mono: successfully reloaded assembly
- Completed reload, in  9.260 seconds
Domain Reload Profiling:
	ReloadAssembly (9263ms)
		BeginReloadAssembly (783ms)
			ExecutionOrderSort (0ms)
			DisableScriptedObjects (47ms)
			BackupInstance (0ms)
			ReleaseScriptingObjects (0ms)
			CreateAndSetChildDomain (325ms)
		EndReloadAssembly (7900ms)
			LoadAssemblies (576ms)
			RebuildTransferFunctionScriptingTraits (0ms)
			SetupTypeCache (2540ms)
			ReleaseScriptCaches (4ms)
			RebuildScriptCaches (274ms)
			SetupLoadedEditorAssemblies (3344ms)
				LogAssemblyErrors (0ms)
				InitializePlatformSupportModulesInManaged (81ms)
				SetLoadedEditorAssemblies (2ms)
				RefreshPlugins (2ms)
				BeforeProcessingInitializeOnLoad (738ms)
				ProcessInitializeOnLoadAttributes (2360ms)
				ProcessInitializeOnLoadMethodAttributes (83ms)
				AfterProcessingInitializeOnLoad (74ms)
				EditorAssembliesLoaded (5ms)
			ExecutionOrderSort2 (0ms)
			AwakeInstancesAfterBackupRestoration (86ms)
Platform modules already initialized, skipping
Refreshing native plugins compatible for Editor in 2.34 ms, found 2 plugins.
Preloading 0 native plugins for Editor in 0.00 ms.
Unloading 1924 Unused Serialized files (Serialized files now loaded: 0)
System memory in use before: 87.1 MB.
System memory in use after: 87.2 MB.

Unloading 23 unused Assets to reduce memory usage. Loaded Objects now: 2417.
Total: 26.803400 ms (FindLiveObjects: 1.097400 ms CreateObjectMapping: 0.614200 ms MarkObjects: 24.971100 ms  DeleteObjects: 0.115900 ms)

AssetImportParameters requested are different than current active one (requested -> active):
  custom:framework-win-MediaFoundation: 216162199b28c13a410421893ffa2e32 -> 
  custom:video-decoder-ogg-theora: a1e56fd34408186e4bbccfd4996cb3dc -> 
  custom:container-muxer-webm: aa71ff27fc2769a1b78a27578f13a17b -> 
  custom:container-demuxer-webm: 4f35f7cbe854078d1ac9338744f61a02 -> 
  custom:container-demuxer-ogg: 62fdf1f143b41e24485cea50d1cbac27 -> 
  custom:video-encoder-webm-vp8: eb34c28f22e8b96e1ab97ce403110664 -> 
  custom:video-decoder-webm-vp8: 9c59270c3fd7afecdb556c50c9e8de78 -> 
  custom:audio-decoder-ogg-vorbis: bf7c407c2cedff20999df2af8eb42d56 -> 
  custom:audio-encoder-webm-vorbis: bf7c407c2cedff20999df2af8eb42d56 -> 
========================================================================
Received Prepare
Registering precompiled user dll's ...
Registered in 0.680373 seconds.
Begin MonoManager ReloadAssembly
Native extension for WindowsStandalone target not found
Refreshing native plugins compatible for Editor in 20.59 ms, found 2 plugins.
Preloading 0 native plugins for Editor in 0.00 ms.
CreateSerializedAsset is not supported while importing out-of-process
UnityEngine.StackTraceUtility:ExtractStackTrace ()
PlayFab.PfEditor.PlayFabEditorPrefsSO:get_Instance () (at D:/Users Backup/Daniel Price/GitF/UCWX/Unity-Course-work/Prototype 1/Assets/PlayFabSDK/PlayFabEditorExtensions/Editor/Scripts/Utils/PlayFabEditorPrefsSO.cs:38)
PlayFab.PfEditor.SubMenuComponent:RegisterMenuItem (string,System.Action) (at D:/Users Backup/Daniel Price/GitF/UCWX/Unity-Course-work/Prototype 1/Assets/PlayFabSDK/PlayFabEditorExtensions/Editor/Scripts/Components/SubMenuComponent.cs:42)
PlayFab.PfEditor.PlayFabEditorDataMenu:RegisterMenu () (at D:/Users Backup/Daniel Price/GitF/UCWX/Unity-Course-work/Prototype 1/Assets/PlayFabSDK/PlayFabEditorExtensions/Editor/Scripts/Panels/PlayFabEditorDataMenu.cs:93)
PlayFab.PfEditor.PlayFabEditorDataMenu:.cctor () (at D:/Users Backup/Daniel Price/GitF/UCWX/Unity-Course-work/Prototype 1/Assets/PlayFabSDK/PlayFabEditorExtensions/Editor/Scripts/Panels/PlayFabEditorDataMenu.cs:74)
System.Runtime.CompilerServices.RuntimeHelpers:RunClassConstructor (System.RuntimeTypeHandle)
UnityEditor.EditorAssemblies:ProcessInitializeOnLoadAttributes (System.Type[])

[D:/Users Backup/Daniel Price/GitF/UCWX/Unity-Course-work/Prototype 1/Assets/PlayFabSDK/PlayFabEditorExtensions/Editor/Scripts/Utils/PlayFabEditorPrefsSO.cs line 38]

UnityEngine.UnityException: Creating asset at path Assets/PlayFabEditorExtensions/Editor/Resources/PlayFabEditorPrefsSO.asset failed.
  at (wrapper managed-to-native) UnityEditor.AssetDatabase.CreateAsset(UnityEngine.Object,string)
  at PlayFab.PfEditor.PlayFabEditorPrefsSO.get_Instance () [0x00084] in D:\Users Backup\Daniel Price\GitF\UCWX\Unity-Course-work\Prototype 1\Assets\PlayFabSDK\PlayFabEditorExtensions\Editor\Scripts\Utils\PlayFabEditorPrefsSO.cs:38 
  at PlayFab.PfEditor.SubMenuComponent.RegisterMenuItem (System.String n, System.Action m) [0x00010] in D:\Users Backup\Daniel Price\GitF\UCWX\Unity-Course-work\Prototype 1\Assets\PlayFabSDK\PlayFabEditorExtensions\Editor\Scripts\Components\SubMenuComponent.cs:42 
  at PlayFab.PfEditor.PlayFabEditorDataMenu.RegisterMenu () [0x00018] in D:\Users Backup\Daniel Price\GitF\UCWX\Unity-Course-work\Prototype 1\Assets\PlayFabSDK\PlayFabEditorExtensions\Editor\Scripts\Panels\PlayFabEditorDataMenu.cs:93 
  at PlayFab.PfEditor.PlayFabEditorDataMenu..cctor () [0x0003a] in D:\Users Backup\Daniel Price\GitF\UCWX\Unity-Course-work\Prototype 1\Assets\PlayFabSDK\PlayFabEditorExtensions\Editor\Scripts\Panels\PlayFabEditorDataMenu.cs:74 
UnityEngine.StackTraceUtility:ExtractStackTrace ()
UnityEngine.DebugLogHandler:LogFormat (UnityEngine.LogType,UnityEngine.Object,string,object[])
UnityEngine.Logger:Log (UnityEngine.LogType,object)
UnityEngine.Debug:LogError (object)
UnityEditor.EditorAssemblies:ProcessInitializeOnLoadAttributes (System.Type[])

Mono: successfully reloaded assembly
- Completed reload, in 12.058 seconds
Domain Reload Profiling:
	ReloadAssembly (12066ms)
		BeginReloadAssembly (1133ms)
			ExecutionOrderSort (0ms)
			DisableScriptedObjects (50ms)
			BackupInstance (0ms)
			ReleaseScriptingObjects (1ms)
			CreateAndSetChildDomain (516ms)
		EndReloadAssembly (10234ms)
			LoadAssemblies (877ms)
			RebuildTransferFunctionScriptingTraits (0ms)
			SetupTypeCache (2804ms)
			ReleaseScriptCaches (4ms)
			RebuildScriptCaches (364ms)
			SetupLoadedEditorAssemblies (5182ms)
				LogAssemblyErrors (0ms)
				InitializePlatformSupportModulesInManaged (38ms)
				SetLoadedEditorAssemblies (3ms)
				RefreshPlugins (22ms)
				BeforeProcessingInitializeOnLoad (1053ms)
				ProcessInitializeOnLoadAttributes (3911ms)
				ProcessInitializeOnLoadMethodAttributes (68ms)
				AfterProcessingInitializeOnLoad (85ms)
				EditorAssembliesLoaded (1ms)
			ExecutionOrderSort2 (0ms)
			AwakeInstancesAfterBackupRestoration (87ms)
Platform modules already initialized, skipping
Refreshing native plugins compatible for Editor in 2.40 ms, found 2 plugins.
Preloading 0 native plugins for Editor in 0.00 ms.
Unloading 1924 Unused Serialized files (Serialized files now loaded: 0)
System memory in use before: 87.1 MB.
System memory in use after: 87.2 MB.

Unloading 23 unused Assets to reduce memory usage. Loaded Objects now: 2422.
Total: 12.546800 ms (FindLiveObjects: 1.105300 ms CreateObjectMapping: 0.228000 ms MarkObjects: 11.110600 ms  DeleteObjects: 0.098900 ms)

AssetImportParameters requested are different than current active one (requested -> active):
  custom:framework-win-MediaFoundation: 216162199b28c13a410421893ffa2e32 -> 
  custom:video-decoder-ogg-theora: a1e56fd34408186e4bbccfd4996cb3dc -> 
  custom:container-muxer-webm: aa71ff27fc2769a1b78a27578f13a17b -> 
  custom:container-demuxer-webm: 4f35f7cbe854078d1ac9338744f61a02 -> 
  custom:container-demuxer-ogg: 62fdf1f143b41e24485cea50d1cbac27 -> 
  custom:video-encoder-webm-vp8: eb34c28f22e8b96e1ab97ce403110664 -> 
  custom:video-decoder-webm-vp8: 9c59270c3fd7afecdb556c50c9e8de78 -> 
  custom:audio-decoder-ogg-vorbis: bf7c407c2cedff20999df2af8eb42d56 -> 
  custom:audio-encoder-webm-vorbis: bf7c407c2cedff20999df2af8eb42d56 -> 
========================================================================
Received Prepare
Registering precompiled user dll's ...
Registered in 0.245919 seconds.
Begin MonoManager ReloadAssembly
Native extension for WindowsStandalone target not found
Refreshing native plugins compatible for Editor in 3.29 ms, found 2 plugins.
Preloading 0 native plugins for Editor in 0.00 ms.
CreateSerializedAsset is not supported while importing out-of-process
UnityEngine.StackTraceUtility:ExtractStackTrace ()
PlayFab.PfEditor.PlayFabEditorPrefsSO:get_Instance () (at D:/Users Backup/Daniel Price/GitF/UCWX/Unity-Course-work/Prototype 1/Assets/PlayFabSDK/PlayFabEditorExtensions/Editor/Scripts/Utils/PlayFabEditorPrefsSO.cs:38)
PlayFab.PfEditor.SubMenuComponent:RegisterMenuItem (string,System.Action) (at D:/Users Backup/Daniel Price/GitF/UCWX/Unity-Course-work/Prototype 1/Assets/PlayFabSDK/PlayFabEditorExtensions/Editor/Scripts/Components/SubMenuComponent.cs:42)
PlayFab.PfEditor.PlayFabEditorDataMenu:RegisterMenu () (at D:/Users Backup/Daniel Price/GitF/UCWX/Unity-Course-work/Prototype 1/Assets/PlayFabSDK/PlayFabEditorExtensions/Editor/Scripts/Panels/PlayFabEditorDataMenu.cs:93)
PlayFab.PfEditor.PlayFabEditorDataMenu:.cctor () (at D:/Users Backup/Daniel Price/GitF/UCWX/Unity-Course-work/Prototype 1/Assets/PlayFabSDK/PlayFabEditorExtensions/Editor/Scripts/Panels/PlayFabEditorDataMenu.cs:74)
System.Runtime.CompilerServices.RuntimeHelpers:RunClassConstructor (System.RuntimeTypeHandle)
UnityEditor.EditorAssemblies:ProcessInitializeOnLoadAttributes (System.Type[])

[D:/Users Backup/Daniel Price/GitF/UCWX/Unity-Course-work/Prototype 1/Assets/PlayFabSDK/PlayFabEditorExtensions/Editor/Scripts/Utils/PlayFabEditorPrefsSO.cs line 38]

UnityEngine.UnityException: Creating asset at path Assets/PlayFabEditorExtensions/Editor/Resources/PlayFabEditorPrefsSO.asset failed.
  at (wrapper managed-to-native) UnityEditor.AssetDatabase.CreateAsset(UnityEngine.Object,string)
  at PlayFab.PfEditor.PlayFabEditorPrefsSO.get_Instance () [0x00084] in D:\Users Backup\Daniel Price\GitF\UCWX\Unity-Course-work\Prototype 1\Assets\PlayFabSDK\PlayFabEditorExtensions\Editor\Scripts\Utils\PlayFabEditorPrefsSO.cs:38 
  at PlayFab.PfEditor.SubMenuComponent.RegisterMenuItem (System.String n, System.Action m) [0x00010] in D:\Users Backup\Daniel Price\GitF\UCWX\Unity-Course-work\Prototype 1\Assets\PlayFabSDK\PlayFabEditorExtensions\Editor\Scripts\Components\SubMenuComponent.cs:42 
  at PlayFab.PfEditor.PlayFabEditorDataMenu.RegisterMenu () [0x00018] in D:\Users Backup\Daniel Price\GitF\UCWX\Unity-Course-work\Prototype 1\Assets\PlayFabSDK\PlayFabEditorExtensions\Editor\Scripts\Panels\PlayFabEditorDataMenu.cs:93 
  at PlayFab.PfEditor.PlayFabEditorDataMenu..cctor () [0x0003a] in D:\Users Backup\Daniel Price\GitF\UCWX\Unity-Course-work\Prototype 1\Assets\PlayFabSDK\PlayFabEditorExtensions\Editor\Scripts\Panels\PlayFabEditorDataMenu.cs:74 
UnityEngine.StackTraceUtility:ExtractStackTrace ()
UnityEngine.DebugLogHandler:LogFormat (UnityEngine.LogType,UnityEngine.Object,string,object[])
UnityEngine.Logger:Log (UnityEngine.LogType,object)
UnityEngine.Debug:LogError (object)
UnityEditor.EditorAssemblies:ProcessInitializeOnLoadAttributes (System.Type[])

Mono: successfully reloaded assembly
- Completed reload, in 10.249 seconds
Domain Reload Profiling:
	ReloadAssembly (10251ms)
		BeginReloadAssembly (661ms)
			ExecutionOrderSort (0ms)
			DisableScriptedObjects (24ms)
			BackupInstance (0ms)
			ReleaseScriptingObjects (0ms)
			CreateAndSetChildDomain (215ms)
		EndReloadAssembly (9278ms)
			LoadAssemblies (715ms)
			RebuildTransferFunctionScriptingTraits (0ms)
			SetupTypeCache (2287ms)
			ReleaseScriptCaches (5ms)
			RebuildScriptCaches (582ms)
			SetupLoadedEditorAssemblies (4708ms)
				LogAssemblyErrors (0ms)
				InitializePlatformSupportModulesInManaged (41ms)
				SetLoadedEditorAssemblies (7ms)
				RefreshPlugins (4ms)
				BeforeProcessingInitializeOnLoad (742ms)
				ProcessInitializeOnLoadAttributes (3749ms)
				ProcessInitializeOnLoadMethodAttributes (77ms)
				AfterProcessingInitializeOnLoad (86ms)
				EditorAssembliesLoaded (2ms)
			ExecutionOrderSort2 (0ms)
			AwakeInstancesAfterBackupRestoration (68ms)
Platform modules already initialized, skipping
Refreshing native plugins compatible for Editor in 2.19 ms, found 2 plugins.
Preloading 0 native plugins for Editor in 0.00 ms.
Unloading 1924 Unused Serialized files (Serialized files now loaded: 0)
System memory in use before: 87.1 MB.
System memory in use after: 87.3 MB.

Unloading 23 unused Assets to reduce memory usage. Loaded Objects now: 2427.
Total: 13.275300 ms (FindLiveObjects: 1.370600 ms CreateObjectMapping: 0.248700 ms MarkObjects: 11.560300 ms  DeleteObjects: 0.091000 ms)

AssetImportParameters requested are different than current active one (requested -> active):
  custom:framework-win-MediaFoundation: 216162199b28c13a410421893ffa2e32 -> 
  custom:video-decoder-ogg-theora: a1e56fd34408186e4bbccfd4996cb3dc -> 
  custom:container-muxer-webm: aa71ff27fc2769a1b78a27578f13a17b -> 
  custom:container-demuxer-webm: 4f35f7cbe854078d1ac9338744f61a02 -> 
  custom:container-demuxer-ogg: 62fdf1f143b41e24485cea50d1cbac27 -> 
  custom:video-encoder-webm-vp8: eb34c28f22e8b96e1ab97ce403110664 -> 
  custom:video-decoder-webm-vp8: 9c59270c3fd7afecdb556c50c9e8de78 -> 
  custom:audio-decoder-ogg-vorbis: bf7c407c2cedff20999df2af8eb42d56 -> 
  custom:audio-encoder-webm-vorbis: bf7c407c2cedff20999df2af8eb42d56 -> 
========================================================================
Received Prepare
Registering precompiled user dll's ...
Registered in 0.104755 seconds.
Begin MonoManager ReloadAssembly
Native extension for WindowsStandalone target not found
Refreshing native plugins compatible for Editor in 1.31 ms, found 2 plugins.
Preloading 0 native plugins for Editor in 0.00 ms.
CreateSerializedAsset is not supported while importing out-of-process
UnityEngine.StackTraceUtility:ExtractStackTrace ()
PlayFab.PfEditor.PlayFabEditorPrefsSO:get_Instance () (at D:/Users Backup/Daniel Price/GitF/UCWX/Unity-Course-work/Prototype 1/Assets/PlayFabSDK/PlayFabEditorExtensions/Editor/Scripts/Utils/PlayFabEditorPrefsSO.cs:38)
PlayFab.PfEditor.SubMenuComponent:RegisterMenuItem (string,System.Action) (at D:/Users Backup/Daniel Price/GitF/UCWX/Unity-Course-work/Prototype 1/Assets/PlayFabSDK/PlayFabEditorExtensions/Editor/Scripts/Components/SubMenuComponent.cs:42)
PlayFab.PfEditor.PlayFabEditorDataMenu:RegisterMenu () (at D:/Users Backup/Daniel Price/GitF/UCWX/Unity-Course-work/Prototype 1/Assets/PlayFabSDK/PlayFabEditorExtensions/Editor/Scripts/Panels/PlayFabEditorDataMenu.cs:93)
PlayFab.PfEditor.PlayFabEditorDataMenu:.cctor () (at D:/Users Backup/Daniel Price/GitF/UCWX/Unity-Course-work/Prototype 1/Assets/PlayFabSDK/PlayFabEditorExtensions/Editor/Scripts/Panels/PlayFabEditorDataMenu.cs:74)
System.Runtime.CompilerServices.RuntimeHelpers:RunClassConstructor (System.RuntimeTypeHandle)
UnityEditor.EditorAssemblies:ProcessInitializeOnLoadAttributes (System.Type[])

[D:/Users Backup/Daniel Price/GitF/UCWX/Unity-Course-work/Prototype 1/Assets/PlayFabSDK/PlayFabEditorExtensions/Editor/Scripts/Utils/PlayFabEditorPrefsSO.cs line 38]

UnityEngine.UnityException: Creating asset at path Assets/PlayFabEditorExtensions/Editor/Resources/PlayFabEditorPrefsSO.asset failed.
  at (wrapper managed-to-native) UnityEditor.AssetDatabase.CreateAsset(UnityEngine.Object,string)
  at PlayFab.PfEditor.PlayFabEditorPrefsSO.get_Instance () [0x00084] in D:\Users Backup\Daniel Price\GitF\UCWX\Unity-Course-work\Prototype 1\Assets\PlayFabSDK\PlayFabEditorExtensions\Editor\Scripts\Utils\PlayFabEditorPrefsSO.cs:38 
  at PlayFab.PfEditor.SubMenuComponent.RegisterMenuItem (System.String n, System.Action m) [0x00010] in D:\Users Backup\Daniel Price\GitF\UCWX\Unity-Course-work\Prototype 1\Assets\PlayFabSDK\PlayFabEditorExtensions\Editor\Scripts\Components\SubMenuComponent.cs:42 
  at PlayFab.PfEditor.PlayFabEditorDataMenu.RegisterMenu () [0x00018] in D:\Users Backup\Daniel Price\GitF\UCWX\Unity-Course-work\Prototype 1\Assets\PlayFabSDK\PlayFabEditorExtensions\Editor\Scripts\Panels\PlayFabEditorDataMenu.cs:93 
  at PlayFab.PfEditor.PlayFabEditorDataMenu..cctor () [0x0003a] in D:\Users Backup\Daniel Price\GitF\UCWX\Unity-Course-work\Prototype 1\Assets\PlayFabSDK\PlayFabEditorExtensions\Editor\Scripts\Panels\PlayFabEditorDataMenu.cs:74 
UnityEngine.StackTraceUtility:ExtractStackTrace ()
UnityEngine.DebugLogHandler:LogFormat (UnityEngine.LogType,UnityEngine.Object,string,object[])
UnityEngine.Logger:Log (UnityEngine.LogType,object)
UnityEngine.Debug:LogError (object)
UnityEditor.EditorAssemblies:ProcessInitializeOnLoadAttributes (System.Type[])

Mono: successfully reloaded assembly
- Completed reload, in  3.886 seconds
Domain Reload Profiling:
	ReloadAssembly (3887ms)
		BeginReloadAssembly (329ms)
			ExecutionOrderSort (0ms)
			DisableScriptedObjects (17ms)
			BackupInstance (0ms)
			ReleaseScriptingObjects (0ms)
			CreateAndSetChildDomain (101ms)
		EndReloadAssembly (3322ms)
			LoadAssemblies (337ms)
			RebuildTransferFunctionScriptingTraits (0ms)
			SetupTypeCache (984ms)
			ReleaseScriptCaches (2ms)
			RebuildScriptCaches (153ms)
			SetupLoadedEditorAssemblies (1528ms)
				LogAssemblyErrors (0ms)
				InitializePlatformSupportModulesInManaged (19ms)
				SetLoadedEditorAssemblies (2ms)
				RefreshPlugins (2ms)
				BeforeProcessingInitializeOnLoad (303ms)
				ProcessInitializeOnLoadAttributes (1141ms)
				ProcessInitializeOnLoadMethodAttributes (29ms)
				AfterProcessingInitializeOnLoad (32ms)
				EditorAssembliesLoaded (1ms)
			ExecutionOrderSort2 (0ms)
			AwakeInstancesAfterBackupRestoration (24ms)
Platform modules already initialized, skipping
Refreshing native plugins compatible for Editor in 1.91 ms, found 2 plugins.
Preloading 0 native plugins for Editor in 0.00 ms.
Unloading 1925 Unused Serialized files (Serialized files now loaded: 0)
System memory in use before: 87.2 MB.
System memory in use after: 87.3 MB.

Unloading 23 unused Assets to reduce memory usage. Loaded Objects now: 2433.
Total: 11.452000 ms (FindLiveObjects: 1.132700 ms CreateObjectMapping: 0.451800 ms MarkObjects: 9.750100 ms  DeleteObjects: 0.072500 ms)

AssetImportParameters requested are different than current active one (requested -> active):
  custom:framework-win-MediaFoundation: 216162199b28c13a410421893ffa2e32 -> 
  custom:video-decoder-ogg-theora: a1e56fd34408186e4bbccfd4996cb3dc -> 
  custom:container-muxer-webm: aa71ff27fc2769a1b78a27578f13a17b -> 
  custom:container-demuxer-webm: 4f35f7cbe854078d1ac9338744f61a02 -> 
  custom:container-demuxer-ogg: 62fdf1f143b41e24485cea50d1cbac27 -> 
  custom:video-encoder-webm-vp8: eb34c28f22e8b96e1ab97ce403110664 -> 
  custom:video-decoder-webm-vp8: 9c59270c3fd7afecdb556c50c9e8de78 -> 
  custom:audio-decoder-ogg-vorbis: bf7c407c2cedff20999df2af8eb42d56 -> 
  custom:audio-encoder-webm-vorbis: bf7c407c2cedff20999df2af8eb42d56 -> 
========================================================================
Received Prepare
Registering precompiled user dll's ...
Registered in 0.049331 seconds.
Begin MonoManager ReloadAssembly
Native extension for WindowsStandalone target not found
Refreshing native plugins compatible for Editor in 1.21 ms, found 2 plugins.
Preloading 0 native plugins for Editor in 0.00 ms.
CreateSerializedAsset is not supported while importing out-of-process
UnityEngine.StackTraceUtility:ExtractStackTrace ()
PlayFab.PfEditor.PlayFabEditorPrefsSO:get_Instance () (at D:/Users Backup/Daniel Price/GitF/UCWX/Unity-Course-work/Prototype 1/Assets/PlayFabSDK/PlayFabEditorExtensions/Editor/Scripts/Utils/PlayFabEditorPrefsSO.cs:38)
PlayFab.PfEditor.SubMenuComponent:RegisterMenuItem (string,System.Action) (at D:/Users Backup/Daniel Price/GitF/UCWX/Unity-Course-work/Prototype 1/Assets/PlayFabSDK/PlayFabEditorExtensions/Editor/Scripts/Components/SubMenuComponent.cs:42)
PlayFab.PfEditor.PlayFabEditorDataMenu:RegisterMenu () (at D:/Users Backup/Daniel Price/GitF/UCWX/Unity-Course-work/Prototype 1/Assets/PlayFabSDK/PlayFabEditorExtensions/Editor/Scripts/Panels/PlayFabEditorDataMenu.cs:93)
PlayFab.PfEditor.PlayFabEditorDataMenu:.cctor () (at D:/Users Backup/Daniel Price/GitF/UCWX/Unity-Course-work/Prototype 1/Assets/PlayFabSDK/PlayFabEditorExtensions/Editor/Scripts/Panels/PlayFabEditorDataMenu.cs:74)
System.Runtime.CompilerServices.RuntimeHelpers:RunClassConstructor (System.RuntimeTypeHandle)
UnityEditor.EditorAssemblies:ProcessInitializeOnLoadAttributes (System.Type[])

[D:/Users Backup/Daniel Price/GitF/UCWX/Unity-Course-work/Prototype 1/Assets/PlayFabSDK/PlayFabEditorExtensions/Editor/Scripts/Utils/PlayFabEditorPrefsSO.cs line 38]

UnityEngine.UnityException: Creating asset at path Assets/PlayFabEditorExtensions/Editor/Resources/PlayFabEditorPrefsSO.asset failed.
  at (wrapper managed-to-native) UnityEditor.AssetDatabase.CreateAsset(UnityEngine.Object,string)
  at PlayFab.PfEditor.PlayFabEditorPrefsSO.get_Instance () [0x00084] in D:\Users Backup\Daniel Price\GitF\UCWX\Unity-Course-work\Prototype 1\Assets\PlayFabSDK\PlayFabEditorExtensions\Editor\Scripts\Utils\PlayFabEditorPrefsSO.cs:38 
  at PlayFab.PfEditor.SubMenuComponent.RegisterMenuItem (System.String n, System.Action m) [0x00010] in D:\Users Backup\Daniel Price\GitF\UCWX\Unity-Course-work\Prototype 1\Assets\PlayFabSDK\PlayFabEditorExtensions\Editor\Scripts\Components\SubMenuComponent.cs:42 
  at PlayFab.PfEditor.PlayFabEditorDataMenu.RegisterMenu () [0x00018] in D:\Users Backup\Daniel Price\GitF\UCWX\Unity-Course-work\Prototype 1\Assets\PlayFabSDK\PlayFabEditorExtensions\Editor\Scripts\Panels\PlayFabEditorDataMenu.cs:93 
  at PlayFab.PfEditor.PlayFabEditorDataMenu..cctor () [0x0003a] in D:\Users Backup\Daniel Price\GitF\UCWX\Unity-Course-work\Prototype 1\Assets\PlayFabSDK\PlayFabEditorExtensions\Editor\Scripts\Panels\PlayFabEditorDataMenu.cs:74 
UnityEngine.StackTraceUtility:ExtractStackTrace ()
UnityEngine.DebugLogHandler:LogFormat (UnityEngine.LogType,UnityEngine.Object,string,object[])
UnityEngine.Logger:Log (UnityEngine.LogType,object)
UnityEngine.Debug:LogError (object)
UnityEditor.EditorAssemblies:ProcessInitializeOnLoadAttributes (System.Type[])

Mono: successfully reloaded assembly
- Completed reload, in  4.139 seconds
Domain Reload Profiling:
	ReloadAssembly (4140ms)
		BeginReloadAssembly (333ms)
			ExecutionOrderSort (0ms)
			DisableScriptedObjects (12ms)
			BackupInstance (0ms)
			ReleaseScriptingObjects (0ms)
			CreateAndSetChildDomain (98ms)
		EndReloadAssembly (3559ms)
			LoadAssemblies (348ms)
			RebuildTransferFunctionScriptingTraits (0ms)
			SetupTypeCache (1043ms)
			ReleaseScriptCaches (2ms)
			RebuildScriptCaches (138ms)
			SetupLoadedEditorAssemblies (1706ms)
				LogAssemblyErrors (0ms)
				InitializePlatformSupportModulesInManaged (14ms)
				SetLoadedEditorAssemblies (2ms)
				RefreshPlugins (1ms)
				BeforeProcessingInitializeOnLoad (366ms)
				ProcessInitializeOnLoadAttributes (1260ms)
				ProcessInitializeOnLoadMethodAttributes (33ms)
				AfterProcessingInitializeOnLoad (28ms)
				EditorAssembliesLoaded (1ms)
			ExecutionOrderSort2 (0ms)
			AwakeInstancesAfterBackupRestoration (27ms)
Platform modules already initialized, skipping
Refreshing native plugins compatible for Editor in 1.43 ms, found 2 plugins.
Preloading 0 native plugins for Editor in 0.00 ms.
Unloading 1925 Unused Serialized files (Serialized files now loaded: 0)
System memory in use before: 87.2 MB.
System memory in use after: 87.3 MB.

Unloading 24 unused Assets to reduce memory usage. Loaded Objects now: 2438.
Total: 10.776900 ms (FindLiveObjects: 1.159800 ms CreateObjectMapping: 0.348600 ms MarkObjects: 9.178300 ms  DeleteObjects: 0.085000 ms)

AssetImportParameters requested are different than current active one (requested -> active):
  custom:framework-win-MediaFoundation: 216162199b28c13a410421893ffa2e32 -> 
  custom:video-decoder-ogg-theora: a1e56fd34408186e4bbccfd4996cb3dc -> 
  custom:container-muxer-webm: aa71ff27fc2769a1b78a27578f13a17b -> 
  custom:container-demuxer-webm: 4f35f7cbe854078d1ac9338744f61a02 -> 
  custom:container-demuxer-ogg: 62fdf1f143b41e24485cea50d1cbac27 -> 
  custom:video-encoder-webm-vp8: eb34c28f22e8b96e1ab97ce403110664 -> 
  custom:video-decoder-webm-vp8: 9c59270c3fd7afecdb556c50c9e8de78 -> 
  custom:audio-decoder-ogg-vorbis: bf7c407c2cedff20999df2af8eb42d56 -> 
  custom:audio-encoder-webm-vorbis: bf7c407c2cedff20999df2af8eb42d56 -> 
========================================================================
Received Import Request.
  Time since last request: 6835.779961 seconds.
  path: Assets/Scenes/Not Yet Used
  artifactKey: Guid(e1487b14117aa5346971db322e8d4e84) Importer(815301076,1909f56bfc062723c751e8b465ee728b)
Start importing Assets/Scenes/Not Yet Used using Guid(e1487b14117aa5346971db322e8d4e84) Importer(815301076,1909f56bfc062723c751e8b465ee728b)  -> (artifact id: 'c8ebc6ed09e8339113555ccba8f4c9ab') in 0.036947 seconds 
  Import took 0.046731 seconds .

========================================================================
Received Import Request.
  Time since last request: 1.213977 seconds.
  path: Assets/Scenes/Not Yet Used/MainMenu.unity
  artifactKey: Guid(9fc0d4010bbf28b4594072e72b8655ab) Importer(815301076,1909f56bfc062723c751e8b465ee728b)
Start importing Assets/Scenes/Not Yet Used/MainMenu.unity using Guid(9fc0d4010bbf28b4594072e72b8655ab) Importer(815301076,1909f56bfc062723c751e8b465ee728b)  -> (artifact id: '7e46957df010718960b8b26859594507') in 0.046396 seconds 
  Import took 0.081599 seconds .

========================================================================
Received Prepare
Registering precompiled user dll's ...
Registered in 0.065160 seconds.
Begin MonoManager ReloadAssembly
Native extension for WindowsStandalone target not found
Refreshing native plugins compatible for Editor in 1.55 ms, found 2 plugins.
Preloading 0 native plugins for Editor in 0.00 ms.
CreateSerializedAsset is not supported while importing out-of-process
UnityEngine.StackTraceUtility:ExtractStackTrace ()
PlayFab.PfEditor.PlayFabEditorPrefsSO:get_Instance () (at D:/Users Backup/Daniel Price/GitF/UCWX/Unity-Course-work/Prototype 1/Assets/PlayFabSDK/PlayFabEditorExtensions/Editor/Scripts/Utils/PlayFabEditorPrefsSO.cs:38)
PlayFab.PfEditor.SubMenuComponent:RegisterMenuItem (string,System.Action) (at D:/Users Backup/Daniel Price/GitF/UCWX/Unity-Course-work/Prototype 1/Assets/PlayFabSDK/PlayFabEditorExtensions/Editor/Scripts/Components/SubMenuComponent.cs:42)
PlayFab.PfEditor.PlayFabEditorDataMenu:RegisterMenu () (at D:/Users Backup/Daniel Price/GitF/UCWX/Unity-Course-work/Prototype 1/Assets/PlayFabSDK/PlayFabEditorExtensions/Editor/Scripts/Panels/PlayFabEditorDataMenu.cs:93)
PlayFab.PfEditor.PlayFabEditorDataMenu:.cctor () (at D:/Users Backup/Daniel Price/GitF/UCWX/Unity-Course-work/Prototype 1/Assets/PlayFabSDK/PlayFabEditorExtensions/Editor/Scripts/Panels/PlayFabEditorDataMenu.cs:74)
System.Runtime.CompilerServices.RuntimeHelpers:RunClassConstructor (System.RuntimeTypeHandle)
UnityEditor.EditorAssemblies:ProcessInitializeOnLoadAttributes (System.Type[])

[D:/Users Backup/Daniel Price/GitF/UCWX/Unity-Course-work/Prototype 1/Assets/PlayFabSDK/PlayFabEditorExtensions/Editor/Scripts/Utils/PlayFabEditorPrefsSO.cs line 38]

UnityEngine.UnityException: Creating asset at path Assets/PlayFabEditorExtensions/Editor/Resources/PlayFabEditorPrefsSO.asset failed.
  at (wrapper managed-to-native) UnityEditor.AssetDatabase.CreateAsset(UnityEngine.Object,string)
  at PlayFab.PfEditor.PlayFabEditorPrefsSO.get_Instance () [0x00084] in D:\Users Backup\Daniel Price\GitF\UCWX\Unity-Course-work\Prototype 1\Assets\PlayFabSDK\PlayFabEditorExtensions\Editor\Scripts\Utils\PlayFabEditorPrefsSO.cs:38 
  at PlayFab.PfEditor.SubMenuComponent.RegisterMenuItem (System.String n, System.Action m) [0x00010] in D:\Users Backup\Daniel Price\GitF\UCWX\Unity-Course-work\Prototype 1\Assets\PlayFabSDK\PlayFabEditorExtensions\Editor\Scripts\Components\SubMenuComponent.cs:42 
  at PlayFab.PfEditor.PlayFabEditorDataMenu.RegisterMenu () [0x00018] in D:\Users Backup\Daniel Price\GitF\UCWX\Unity-Course-work\Prototype 1\Assets\PlayFabSDK\PlayFabEditorExtensions\Editor\Scripts\Panels\PlayFabEditorDataMenu.cs:93 
  at PlayFab.PfEditor.PlayFabEditorDataMenu..cctor () [0x0003a] in D:\Users Backup\Daniel Price\GitF\UCWX\Unity-Course-work\Prototype 1\Assets\PlayFabSDK\PlayFabEditorExtensions\Editor\Scripts\Panels\PlayFabEditorDataMenu.cs:74 
UnityEngine.StackTraceUtility:ExtractStackTrace ()
UnityEngine.DebugLogHandler:LogFormat (UnityEngine.LogType,UnityEngine.Object,string,object[])
UnityEngine.Logger:Log (UnityEngine.LogType,object)
UnityEngine.Debug:LogError (object)
UnityEditor.EditorAssemblies:ProcessInitializeOnLoadAttributes (System.Type[])

Mono: successfully reloaded assembly
- Completed reload, in  7.387 seconds
Domain Reload Profiling:
	ReloadAssembly (7390ms)
		BeginReloadAssembly (539ms)
			ExecutionOrderSort (0ms)
			DisableScriptedObjects (24ms)
			BackupInstance (0ms)
			ReleaseScriptingObjects (0ms)
			CreateAndSetChildDomain (115ms)
		EndReloadAssembly (6544ms)
			LoadAssemblies (531ms)
			RebuildTransferFunctionScriptingTraits (0ms)
			SetupTypeCache (1598ms)
			ReleaseScriptCaches (3ms)
			RebuildScriptCaches (425ms)
			SetupLoadedEditorAssemblies (3252ms)
				LogAssemblyErrors (0ms)
				InitializePlatformSupportModulesInManaged (19ms)
				SetLoadedEditorAssemblies (2ms)
				RefreshPlugins (2ms)
				BeforeProcessingInitializeOnLoad (688ms)
				ProcessInitializeOnLoadAttributes (2470ms)
				ProcessInitializeOnLoadMethodAttributes (33ms)
				AfterProcessingInitializeOnLoad (37ms)
				EditorAssembliesLoaded (1ms)
			ExecutionOrderSort2 (0ms)
			AwakeInstancesAfterBackupRestoration (27ms)
Platform modules already initialized, skipping
Refreshing native plugins compatible for Editor in 23.32 ms, found 2 plugins.
Preloading 0 native plugins for Editor in 0.00 ms.
Unloading 1925 Unused Serialized files (Serialized files now loaded: 0)
System memory in use before: 87.2 MB.
System memory in use after: 87.3 MB.

Unloading 23 unused Assets to reduce memory usage. Loaded Objects now: 2443.
Total: 22.502800 ms (FindLiveObjects: 1.196200 ms CreateObjectMapping: 0.453600 ms MarkObjects: 20.710800 ms  DeleteObjects: 0.135800 ms)

AssetImportParameters requested are different than current active one (requested -> active):
  custom:framework-win-MediaFoundation: 216162199b28c13a410421893ffa2e32 -> 
  custom:video-decoder-ogg-theora: a1e56fd34408186e4bbccfd4996cb3dc -> 
  custom:container-muxer-webm: aa71ff27fc2769a1b78a27578f13a17b -> 
  custom:container-demuxer-webm: 4f35f7cbe854078d1ac9338744f61a02 -> 
  custom:container-demuxer-ogg: 62fdf1f143b41e24485cea50d1cbac27 -> 
  custom:video-encoder-webm-vp8: eb34c28f22e8b96e1ab97ce403110664 -> 
  custom:video-decoder-webm-vp8: 9c59270c3fd7afecdb556c50c9e8de78 -> 
  custom:audio-decoder-ogg-vorbis: bf7c407c2cedff20999df2af8eb42d56 -> 
  custom:audio-encoder-webm-vorbis: bf7c407c2cedff20999df2af8eb42d56 -> 
========================================================================
Received Import Request.
  Time since last request: 421.360686 seconds.
  path: Assets/Scenes/Game.unity
  artifactKey: Guid(a4bc9a519621ae342865d3a0a5b3ee14) Importer(815301076,1909f56bfc062723c751e8b465ee728b)
Start importing Assets/Scenes/Game.unity using Guid(a4bc9a519621ae342865d3a0a5b3ee14) Importer(815301076,1909f56bfc062723c751e8b465ee728b)  -> (artifact id: 'c423fda3c635bb87deb1c7b1647aa017') in 0.148265 seconds 
  Import took 0.196383 seconds .

========================================================================
Received Import Request.
  Time since last request: 0.001625 seconds.
  path: Assets/Scenes/Not Yet Used/MainMenu.unity
  artifactKey: Guid(9fc0d4010bbf28b4594072e72b8655ab) Importer(815301076,1909f56bfc062723c751e8b465ee728b)
Start importing Assets/Scenes/Not Yet Used/MainMenu.unity using Guid(9fc0d4010bbf28b4594072e72b8655ab) Importer(815301076,1909f56bfc062723c751e8b465ee728b)  -> (artifact id: 'e475b1a2832cfe4df065eca9c99c297a') in 0.045977 seconds 
  Import took 0.088708 seconds .

========================================================================
Received Prepare
Registering precompiled user dll's ...
Registered in 0.057015 seconds.
Begin MonoManager ReloadAssembly
Native extension for WindowsStandalone target not found
Refreshing native plugins compatible for Editor in 1.58 ms, found 2 plugins.
Preloading 0 native plugins for Editor in 0.00 ms.
CreateSerializedAsset is not supported while importing out-of-process
UnityEngine.StackTraceUtility:ExtractStackTrace ()
PlayFab.PfEditor.PlayFabEditorPrefsSO:get_Instance () (at D:/Users Backup/Daniel Price/GitF/UCWX/Unity-Course-work/Prototype 1/Assets/PlayFabSDK/PlayFabEditorExtensions/Editor/Scripts/Utils/PlayFabEditorPrefsSO.cs:38)
PlayFab.PfEditor.SubMenuComponent:RegisterMenuItem (string,System.Action) (at D:/Users Backup/Daniel Price/GitF/UCWX/Unity-Course-work/Prototype 1/Assets/PlayFabSDK/PlayFabEditorExtensions/Editor/Scripts/Components/SubMenuComponent.cs:42)
PlayFab.PfEditor.PlayFabEditorDataMenu:RegisterMenu () (at D:/Users Backup/Daniel Price/GitF/UCWX/Unity-Course-work/Prototype 1/Assets/PlayFabSDK/PlayFabEditorExtensions/Editor/Scripts/Panels/PlayFabEditorDataMenu.cs:93)
PlayFab.PfEditor.PlayFabEditorDataMenu:.cctor () (at D:/Users Backup/Daniel Price/GitF/UCWX/Unity-Course-work/Prototype 1/Assets/PlayFabSDK/PlayFabEditorExtensions/Editor/Scripts/Panels/PlayFabEditorDataMenu.cs:74)
System.Runtime.CompilerServices.RuntimeHelpers:RunClassConstructor (System.RuntimeTypeHandle)
UnityEditor.EditorAssemblies:ProcessInitializeOnLoadAttributes (System.Type[])

[D:/Users Backup/Daniel Price/GitF/UCWX/Unity-Course-work/Prototype 1/Assets/PlayFabSDK/PlayFabEditorExtensions/Editor/Scripts/Utils/PlayFabEditorPrefsSO.cs line 38]

UnityEngine.UnityException: Creating asset at path Assets/PlayFabEditorExtensions/Editor/Resources/PlayFabEditorPrefsSO.asset failed.
  at (wrapper managed-to-native) UnityEditor.AssetDatabase.CreateAsset(UnityEngine.Object,string)
  at PlayFab.PfEditor.PlayFabEditorPrefsSO.get_Instance () [0x00084] in D:\Users Backup\Daniel Price\GitF\UCWX\Unity-Course-work\Prototype 1\Assets\PlayFabSDK\PlayFabEditorExtensions\Editor\Scripts\Utils\PlayFabEditorPrefsSO.cs:38 
  at PlayFab.PfEditor.SubMenuComponent.RegisterMenuItem (System.String n, System.Action m) [0x00010] in D:\Users Backup\Daniel Price\GitF\UCWX\Unity-Course-work\Prototype 1\Assets\PlayFabSDK\PlayFabEditorExtensions\Editor\Scripts\Components\SubMenuComponent.cs:42 
  at PlayFab.PfEditor.PlayFabEditorDataMenu.RegisterMenu () [0x00018] in D:\Users Backup\Daniel Price\GitF\UCWX\Unity-Course-work\Prototype 1\Assets\PlayFabSDK\PlayFabEditorExtensions\Editor\Scripts\Panels\PlayFabEditorDataMenu.cs:93 
  at PlayFab.PfEditor.PlayFabEditorDataMenu..cctor () [0x0003a] in D:\Users Backup\Daniel Price\GitF\UCWX\Unity-Course-work\Prototype 1\Assets\PlayFabSDK\PlayFabEditorExtensions\Editor\Scripts\Panels\PlayFabEditorDataMenu.cs:74 
UnityEngine.StackTraceUtility:ExtractStackTrace ()
UnityEngine.DebugLogHandler:LogFormat (UnityEngine.LogType,UnityEngine.Object,string,object[])
UnityEngine.Logger:Log (UnityEngine.LogType,object)
UnityEngine.Debug:LogError (object)
UnityEditor.EditorAssemblies:ProcessInitializeOnLoadAttributes (System.Type[])

Mono: successfully reloaded assembly
- Completed reload, in  4.590 seconds
Domain Reload Profiling:
	ReloadAssembly (4591ms)
		BeginReloadAssembly (421ms)
			ExecutionOrderSort (0ms)
			DisableScriptedObjects (15ms)
			BackupInstance (0ms)
			ReleaseScriptingObjects (0ms)
			CreateAndSetChildDomain (122ms)
		EndReloadAssembly (3937ms)
			LoadAssemblies (345ms)
			RebuildTransferFunctionScriptingTraits (0ms)
			SetupTypeCache (1018ms)
			ReleaseScriptCaches (2ms)
			RebuildScriptCaches (130ms)
			SetupLoadedEditorAssemblies (1901ms)
				LogAssemblyErrors (0ms)
				InitializePlatformSupportModulesInManaged (25ms)
				SetLoadedEditorAssemblies (3ms)
				RefreshPlugins (2ms)
				BeforeProcessingInitializeOnLoad (402ms)
				ProcessInitializeOnLoadAttributes (1401ms)
				ProcessInitializeOnLoadMethodAttributes (33ms)
				AfterProcessingInitializeOnLoad (35ms)
				EditorAssembliesLoaded (1ms)
			ExecutionOrderSort2 (0ms)
			AwakeInstancesAfterBackupRestoration (29ms)
Platform modules already initialized, skipping
Refreshing native plugins compatible for Editor in 1.45 ms, found 2 plugins.
Preloading 0 native plugins for Editor in 0.00 ms.
Unloading 1925 Unused Serialized files (Serialized files now loaded: 0)
System memory in use before: 87.3 MB.
System memory in use after: 87.4 MB.

Unloading 23 unused Assets to reduce memory usage. Loaded Objects now: 2448.
Total: 10.397000 ms (FindLiveObjects: 0.654900 ms CreateObjectMapping: 0.453300 ms MarkObjects: 9.184900 ms  DeleteObjects: 0.100400 ms)

AssetImportParameters requested are different than current active one (requested -> active):
  custom:framework-win-MediaFoundation: 216162199b28c13a410421893ffa2e32 -> 
  custom:video-decoder-ogg-theora: a1e56fd34408186e4bbccfd4996cb3dc -> 
  custom:container-muxer-webm: aa71ff27fc2769a1b78a27578f13a17b -> 
  custom:container-demuxer-webm: 4f35f7cbe854078d1ac9338744f61a02 -> 
  custom:container-demuxer-ogg: 62fdf1f143b41e24485cea50d1cbac27 -> 
  custom:video-encoder-webm-vp8: eb34c28f22e8b96e1ab97ce403110664 -> 
  custom:video-decoder-webm-vp8: 9c59270c3fd7afecdb556c50c9e8de78 -> 
  custom:audio-decoder-ogg-vorbis: bf7c407c2cedff20999df2af8eb42d56 -> 
  custom:audio-encoder-webm-vorbis: bf7c407c2cedff20999df2af8eb42d56 -> 
AssetImportWorkerClient::OnTransportError - code=2 error=End of file
