Using pre-set license
Built from '2020.3/staging' branch; Version is '2020.3.21f1 (a38c86f6690f) revision 10718342'; Using compiler version '192528614'; Build Type 'Release'
OS: 'Windows 10 Home; OS build 19044.1348; Version 2009; 64bit' Language: 'en' Physical Memory: 7366 MB
BatchMode: 1, IsHumanControllingUs: 0, StartBugReporterOnCrash: 0, Is64bit: 1, IsPro: 0

COMMAND LINE ARGUMENTS:
C:\Program Files\Unity\Hub\Editor\2020.3.21f1\Editor\Unity.exe
-adb2
-batchMode
-noUpm
-name
AssetImportWorker1
-projectPath
D:/Users Backup/Daniel Price/GitF/UCW/Prototype 1
-logFile
Logs/AssetImportWorker1.log
-srvPort
7067
Successfully changed project path to: D:/Users Backup/Daniel Price/GitF/UCW/Prototype 1
D:/Users Backup/Daniel Price/GitF/UCW/Prototype 1
Using Asset Import Pipeline V2.
